2021-06-10 00:23:39		Warning: DataBase zomato.db removed
2021-06-10 00:23:39		INFO: Establishing Connection with zomato.db ....
2021-06-10 00:23:39		INFO: Successfully Established Connection with zomato.db
2021-06-10 00:23:39		INFO: Successfully created the Zomato along with it's columns
2021-06-10 00:23:39		INFO: Establishing Connection with zomato.db ....
2021-06-10 00:23:40		INFO: Sucessfully inserted the values into table Zomato
2021-06-10 00:23:40		INFO: Establishing Connection with zomato.db ....
2021-06-10 00:23:40		INFO: Successfully dump the data from zomato.db database to one csv file
2021-06-10 00:28:29		Warning: DataBase zomato.db removed
2021-06-10 00:28:29		INFO: Establishing Connection with zomato.db ....
2021-06-10 00:28:29		INFO: Successfully Established Connection with zomato.db
2021-06-10 00:28:29		INFO: Successfully created the Zomato along with it's columns
2021-06-10 00:28:29		INFO: Establishing Connection with zomato.db ....
2021-06-10 00:28:29		INFO: Sucessfully inserted the values into table Zomato
2021-06-10 00:28:29		INFO: Establishing Connection with zomato.db ....
2021-06-10 00:28:30		INFO: Successfully dump the data from zomato.db database to one csv file
2021-06-10 00:30:39		Warning: DataBase zomato.db removed
2021-06-10 00:30:39		INFO: Establishing Connection with zomato.db ....
2021-06-10 00:30:39		INFO: Successfully Established Connection with zomato.db
2021-06-10 00:30:40		INFO: Successfully created the Zomato along with it's columns
2021-06-10 00:30:40		INFO: Establishing Connection with zomato.db ....
2021-06-10 00:30:40		INFO: Sucessfully inserted the values into table Zomato
2021-06-10 00:30:40		INFO: Establishing Connection with zomato.db ....
2021-06-10 00:30:40		INFO: Successfully dump the data from zomato.db database to one csv file
2021-06-10 00:37:25		Warning: DataBase zomato.db removed
2021-06-10 00:37:25		INFO: Establishing Connection with zomato.db ....
2021-06-10 00:37:25		INFO: Successfully Established Connection with zomato.db
2021-06-10 00:37:25		INFO: Successfully created the Zomato along with it's columns
2021-06-10 00:37:25		INFO: Establishing Connection with zomato.db ....
2021-06-10 00:37:26		INFO: Sucessfully inserted the values into table Zomato
2021-06-10 00:37:26		INFO: Establishing Connection with zomato.db ....
2021-06-10 00:37:26		INFO: Successfully dump the data from zomato.db database to one csv file
2021-06-10 00:39:16		Warning: DataBase zomato.db removed
2021-06-10 00:39:16		INFO: Establishing Connection with zomato.db ....
2021-06-10 00:39:16		INFO: Successfully Established Connection with zomato.db
2021-06-10 00:39:16		INFO: Successfully created the Zomato along with it's columns
2021-06-10 00:39:16		INFO: Establishing Connection with zomato.db ....
2021-06-10 00:39:17		INFO: Sucessfully inserted the values into table Zomato
2021-06-10 00:39:17		INFO: Establishing Connection with zomato.db ....
2021-06-10 00:39:17		INFO: Successfully dump the data from zomato.db database to one csv file
2021-06-12 22:30:44		Warning: DataBase zomato.db removed
2021-06-12 22:30:44		INFO: Establishing Connection with zomato.db ....
2021-06-12 22:30:44		INFO: Successfully Established Connection with zomato.db
2021-06-12 22:30:44		INFO: Successfully created the Zomato along with it's columns
2021-06-12 22:30:44		INFO: Establishing Connection with zomato.db ....
2021-06-12 22:30:44		INFO: Sucessfully inserted the values into table Zomato
2021-06-12 22:30:44		INFO: Establishing Connection with zomato.db ....
2021-06-12 22:30:45		INFO: Successfully dump the data from zomato.db database to one csv file
2021-06-12 22:52:24		Warning: DataBase zomato.db removed
2021-06-12 22:52:24		INFO: Establishing Connection with zomato.db ....
2021-06-12 22:52:24		INFO: Successfully Established Connection with zomato.db
2021-06-12 22:52:24		INFO: Successfully created the Zomato along with it's columns
2021-06-12 22:52:24		INFO: Establishing Connection with zomato.db ....
2021-06-12 22:52:24		INFO: Sucessfully inserted the values into table Zomato
2021-06-12 22:52:24		INFO: Establishing Connection with zomato.db ....
2021-06-12 22:52:25		INFO: Successfully dump the data from zomato.db database to one csv file
2021-06-12 22:54:59		Warning: DataBase zomato.db removed
2021-06-12 22:54:59		INFO: Establishing Connection with zomato.db ....
2021-06-12 22:54:59		INFO: Successfully Established Connection with zomato.db
2021-06-12 22:55:00		INFO: Successfully created the Zomato along with it's columns
2021-06-12 22:55:00		INFO: Establishing Connection with zomato.db ....
2021-06-12 22:55:00		INFO: Sucessfully inserted the values into table Zomato
2021-06-12 22:55:00		INFO: Establishing Connection with zomato.db ....
2021-06-12 22:55:00		INFO: Successfully dump the data from zomato.db database to one csv file
2021-06-12 23:34:49		Warning: DataBase zomato.db removed
2021-06-12 23:34:49		INFO: Establishing Connection with zomato.db ....
2021-06-12 23:34:49		INFO: Successfully Established Connection with zomato.db
2021-06-12 23:34:49		INFO: Successfully created the Zomato along with it's columns
2021-06-12 23:34:49		INFO: Establishing Connection with zomato.db ....
2021-06-12 23:34:49		INFO: Sucessfully inserted the values into table Zomato
2021-06-12 23:34:49		INFO: Establishing Connection with zomato.db ....
2021-06-12 23:34:51		INFO: Successfully dump the data from zomato.db database to one csv file
2021-06-12 23:36:40		Warning: DataBase zomato.db removed
2021-06-12 23:36:40		INFO: Establishing Connection with zomato.db ....
2021-06-12 23:36:40		INFO: Successfully Established Connection with zomato.db
2021-06-12 23:36:40		INFO: Successfully created the Zomato along with it's columns
2021-06-12 23:36:40		INFO: Establishing Connection with zomato.db ....
2021-06-12 23:36:41		INFO: Sucessfully inserted the values into table Zomato
2021-06-12 23:36:41		INFO: Establishing Connection with zomato.db ....
2021-06-12 23:36:42		INFO: Successfully dump the data from zomato.db database to one csv file
2021-06-13 00:26:54		Warning: DataBase zomato.db removed
2021-06-13 00:26:54		INFO: Establishing Connection with zomato.db ....
2021-06-13 00:26:54		INFO: Successfully Established Connection with zomato.db
2021-06-13 00:26:55		INFO: Successfully created the Zomato along with it's columns
2021-06-13 00:26:55		INFO: Establishing Connection with zomato.db ....
2021-06-13 00:26:55		INFO: Sucessfully inserted the values into table Zomato
2021-06-13 00:26:55		INFO: Establishing Connection with zomato.db ....
2021-06-13 00:26:56		INFO: Successfully dump the data from zomato.db database to one csv file
2021-06-13 00:34:26		Warning: DataBase zomato.db removed
2021-06-13 00:34:26		INFO: Establishing Connection with zomato.db ....
2021-06-13 00:34:26		INFO: Successfully Established Connection with zomato.db
2021-06-13 00:34:27		INFO: Successfully created the Zomato along with it's columns
2021-06-13 00:34:27		INFO: Establishing Connection with zomato.db ....
2021-06-13 00:34:27		INFO: Sucessfully inserted the values into table Zomato
2021-06-13 00:34:27		INFO: Establishing Connection with zomato.db ....
2021-06-13 00:34:28		INFO: Successfully dump the data from zomato.db database to one csv file
