2021-06-18 18:25:47		INFO: Random_Forest_hyperparameter_training start
2021-06-18 18:25:47		INFO: Random_Forest_hyperparameter_training start
2021-06-18 18:25:47		INFO: Random_Forest_hyperparameter_training start
2021-06-18 18:25:47		INFO: Random_Forest_hyperparameter_training start
2021-06-18 18:25:47		INFO: Random_Forest_hyperparameter_training start
2021-06-18 18:25:47		INFO: Random_Forest_hyperparameter_training start
2021-06-18 18:26:41		INFO: Random_Forest_hyperparameter_training start
2021-06-18 18:26:41		INFO: Random_Forest_hyperparameter_training start
2021-06-18 18:26:41		INFO: Random_Forest_hyperparameter_training start
2021-06-18 18:26:41		INFO: Random_Forest_hyperparameter_training start
2021-06-18 18:26:41		INFO: Random_Forest_hyperparameter_training start
2021-06-18 18:26:41		INFO: Random_Forest_hyperparameter_training start
2021-06-18 18:31:41		INFO: Random_Forest_hyperparameter_training start
2021-06-18 18:31:41		INFO: Random_Forest_hyperparameter_training start
2021-06-18 18:31:42		INFO: Random_Forest_hyperparameter_training start
2021-06-18 18:31:42		INFO: Random_Forest_hyperparameter_training start
2021-06-18 18:31:42		INFO: Random_Forest_hyperparameter_training start
2021-06-18 18:31:42		INFO: Random_Forest_hyperparameter_training start
2021-06-18 18:35:02		INFO: Random_Forest_hyperparameter_training start
2021-06-18 18:36:37		INFO: Random_Forest_hyperparameter_training start
2021-06-18 18:36:37		INFO: Random Forest Parameters for training: {'n_estimators': [200, 400, 600, 800, 1000, 1200, 1400, 1600, 1800, 2000], 'max_features': ['auto', 'sqrt'], 'max_depth': [10, 20, 30, 40, 50, 60, 70, 80, 90, 100, 110, None], 'min_samples_split': [2, 5, 10], 'min_samples_leaf': [1, 2, 4], 'bootstrap': [True, False]}, with cv = 5, verbose= 3
2021-06-18 18:37:40		INFO: Random_Forest_hyperparameter_training start
2021-06-18 18:37:40		INFO: Random Forest Parameters for training: {'n_estimators': [200, 400, 600, 800, 1000, 1200, 1400, 1600, 1800, 2000], 'max_features': ['auto', 'sqrt'], 'max_depth': [10, 20, 30, 40, 50, 60, 70, 80, 90, 100, 110, None], 'min_samples_split': [2, 5, 10], 'min_samples_leaf': [1, 2, 4], 'bootstrap': [True, False]}, with cv = 5, verbose= 3
2021-06-18 19:09:12		INFO: Random_Forest_hyperparameter_training start
2021-06-18 19:09:12		INFO: Random Forest Parameters for training: {'n_estimators': [200, 400, 600, 800, 1000, 1200, 1400, 1600, 1800, 2000], 'max_features': ['auto', 'sqrt'], 'max_depth': [10, 20, 30, 40, 50, 60, 70, 80, 90, 100, 110, None], 'min_samples_split': [2, 5, 10], 'min_samples_leaf': [1, 2, 4], 'bootstrap': [True, False]}, with cv = 5, verbose= 3
2021-06-18 23:05:40		INFO: Random_Forest_hyperparameter_training start
2021-06-18 23:05:40		INFO: Random Forest Parameters for training: {'n_estimators': [200, 500], 'max_features': ['auto', 'sqrt', 'log2'], 'max_depth': [4, 5, 6, 7, 8]}, with cv = 5, verbose= 3
2021-06-18 23:09:36		INFO: fitting to GridSearchCV of Random Forest done successfully
2021-06-18 23:09:36		INFO: Random_Forest_hyperparameter_training start
2021-06-18 23:09:36		INFO: Random Forest Parameters for training: {'n_estimators': [200, 500], 'max_features': ['auto', 'sqrt', 'log2'], 'max_depth': [4, 5, 6, 7, 8]}, with cv = 5, verbose= 3
2021-06-18 23:12:36		INFO: fitting to GridSearchCV of Random Forest done successfully
2021-06-18 23:12:36		INFO: Random_Forest_hyperparameter_training start
2021-06-18 23:12:36		INFO: Random Forest Parameters for training: {'n_estimators': [200, 500], 'max_features': ['auto', 'sqrt', 'log2'], 'max_depth': [4, 5, 6, 7, 8]}, with cv = 5, verbose= 3
2021-06-18 23:14:22		INFO: fitting to GridSearchCV of Random Forest done successfully
2021-06-18 23:14:22		INFO: Random_Forest_hyperparameter_training start
2021-06-18 23:14:22		INFO: Random Forest Parameters for training: {'n_estimators': [200, 500], 'max_features': ['auto', 'sqrt', 'log2'], 'max_depth': [4, 5, 6, 7, 8]}, with cv = 5, verbose= 3
2021-06-18 23:16:05		INFO: fitting to GridSearchCV of Random Forest done successfully
2021-06-18 23:16:05		INFO: Random_Forest_hyperparameter_training start
2021-06-18 23:16:05		INFO: Random Forest Parameters for training: {'n_estimators': [200, 500], 'max_features': ['auto', 'sqrt', 'log2'], 'max_depth': [4, 5, 6, 7, 8]}, with cv = 5, verbose= 3
2021-06-18 23:17:34		INFO: fitting to GridSearchCV of Random Forest done successfully
2021-06-18 23:17:34		INFO: Random_Forest_hyperparameter_training start
2021-06-18 23:17:34		INFO: Random Forest Parameters for training: {'n_estimators': [200, 500], 'max_features': ['auto', 'sqrt', 'log2'], 'max_depth': [4, 5, 6, 7, 8]}, with cv = 5, verbose= 3
2021-06-18 23:19:04		INFO: fitting to GridSearchCV of Random Forest done successfully
2021-06-18 23:27:33		INFO: Random_Forest_hyperparameter_training start
2021-06-18 23:27:33		INFO: Random Forest Parameters for training: {'n_estimators': [200, 500], 'max_features': ['auto', 'sqrt', 'log2'], 'max_depth': [4, 5, 6, 7, 8]}, with cv = 5, verbose= 3
2021-06-18 23:30:13		INFO: fitting to GridSearchCV of Random Forest done successfully
2021-06-18 23:30:13		INFO: Random_Forest_hyperparameter_training start
2021-06-18 23:30:13		INFO: Random Forest Parameters for training: {'n_estimators': [200, 500], 'max_features': ['auto', 'sqrt', 'log2'], 'max_depth': [4, 5, 6, 7, 8]}, with cv = 5, verbose= 3
2021-06-18 23:32:51		INFO: fitting to GridSearchCV of Random Forest done successfully
2021-06-18 23:32:51		INFO: Random_Forest_hyperparameter_training start
2021-06-18 23:32:51		INFO: Random Forest Parameters for training: {'n_estimators': [200, 500], 'max_features': ['auto', 'sqrt', 'log2'], 'max_depth': [4, 5, 6, 7, 8]}, with cv = 5, verbose= 3
2021-06-18 23:34:28		INFO: fitting to GridSearchCV of Random Forest done successfully
2021-06-18 23:34:28		INFO: Random_Forest_hyperparameter_training start
2021-06-18 23:34:28		INFO: Random Forest Parameters for training: {'n_estimators': [200, 500], 'max_features': ['auto', 'sqrt', 'log2'], 'max_depth': [4, 5, 6, 7, 8]}, with cv = 5, verbose= 3
2021-06-18 23:37:00		INFO: Random_Forest_hyperparameter_training start
2021-06-18 23:37:00		INFO: Random Forest Parameters for training: {'n_estimators': [200, 500], 'max_features': ['auto', 'sqrt', 'log2'], 'max_depth': [4, 5, 6, 7, 8]}, with cv = 5, verbose= 3
2021-06-18 23:39:56		INFO: fitting to GridSearchCV of Random Forest done successfully
2021-06-18 23:39:56		INFO: Random_Forest_hyperparameter_training start
2021-06-18 23:39:56		INFO: Random Forest Parameters for training: {'n_estimators': [200, 500], 'max_features': ['auto', 'sqrt', 'log2'], 'max_depth': [4, 5, 6, 7, 8]}, with cv = 5, verbose= 3
2021-06-18 23:42:01		INFO: Random_Forest_hyperparameter_training start
2021-06-18 23:42:01		INFO: Random Forest Parameters for training: {'n_estimators': [200, 500], 'max_features': ['auto', 'sqrt', 'log2'], 'max_depth': [4, 5, 6, 7, 8]}, with cv = 5, verbose= 3
2021-06-18 23:42:02		INFO: Random_Forest_hyperparameter_training start
2021-06-18 23:42:02		INFO: Random Forest Parameters for training: {'n_estimators': [200, 500], 'max_features': ['auto', 'sqrt', 'log2'], 'max_depth': [4, 5, 6, 7, 8]}, with cv = 5, verbose= 3
2021-06-18 23:46:41		INFO: fitting to GridSearchCV of Random Forest done successfully
2021-06-18 23:46:42		INFO: fitting to GridSearchCV of Random Forest done successfully
2021-06-18 23:48:57		INFO: Random_Forest_hyperparameter_training start
2021-06-18 23:48:57		INFO: Random Forest Parameters for training: {'n_estimators': [200, 500], 'max_features': ['auto', 'sqrt', 'log2'], 'max_depth': [4, 5, 6, 7, 8]}, with cv = 5, verbose= 3
2021-06-18 23:51:48		INFO: fitting to GridSearchCV of Random Forest done successfully
2021-06-18 23:52:20		INFO: Random Forest fitting to RandomizedSearchCV done successfully
2021-06-18 23:52:20		INFO: Random Forest compute_score resut is r2_score is: 0.5749461110672625, mean squared error is 17708.302153379613,mean absolute error is 106.22122606079895
2021-06-18 23:52:20		INFO: Final params for Random Forest are {'cv': 5, 'error_score': nan, 'estimator__bootstrap': True, 'estimator__ccp_alpha': 0.0, 'estimator__criterion': 'mse', 'estimator__max_depth': None, 'estimator__max_features': 'auto', 'estimator__max_leaf_nodes': None, 'estimator__max_samples': None, 'estimator__min_impurity_decrease': 0.0, 'estimator__min_impurity_split': None, 'estimator__min_samples_leaf': 1, 'estimator__min_samples_split': 2, 'estimator__min_weight_fraction_leaf': 0.0, 'estimator__n_estimators': 100, 'estimator__n_jobs': None, 'estimator__oob_score': False, 'estimator__random_state': None, 'estimator__verbose': 0, 'estimator__warm_start': False, 'estimator': RandomForestRegressor(), 'n_jobs': None, 'param_grid': {'n_estimators': [200, 500], 'max_features': ['auto', 'sqrt', 'log2'], 'max_depth': [4, 5, 6, 7, 8]}, 'pre_dispatch': '2*n_jobs', 'refit': True, 'return_train_score': False, 'scoring': None, 'verbose': 3} by GridSearchCV
2021-06-18 23:52:21		INFO: Random_Forest_hyperparameter_training start
2021-06-18 23:52:21		INFO: Random Forest Parameters for training: {'n_estimators': [200, 500], 'max_features': ['auto', 'sqrt', 'log2'], 'max_depth': [4, 5, 6, 7, 8]}, with cv = 5, verbose= 3
2021-06-18 23:55:08		INFO: fitting to GridSearchCV of Random Forest done successfully
2021-06-18 23:55:59		INFO: Random Forest fitting to RandomizedSearchCV done successfully
2021-06-18 23:55:59		INFO: Random Forest compute_score resut is r2_score is: 0.6114556157767601, mean squared error is 16187.268332257867,mean absolute error is 101.0203638480746
2021-06-18 23:55:59		INFO: Final params for Random Forest are {'cv': 5, 'error_score': nan, 'estimator__bootstrap': True, 'estimator__ccp_alpha': 0.0, 'estimator__criterion': 'mse', 'estimator__max_depth': None, 'estimator__max_features': 'auto', 'estimator__max_leaf_nodes': None, 'estimator__max_samples': None, 'estimator__min_impurity_decrease': 0.0, 'estimator__min_impurity_split': None, 'estimator__min_samples_leaf': 1, 'estimator__min_samples_split': 2, 'estimator__min_weight_fraction_leaf': 0.0, 'estimator__n_estimators': 100, 'estimator__n_jobs': None, 'estimator__oob_score': False, 'estimator__random_state': None, 'estimator__verbose': 0, 'estimator__warm_start': False, 'estimator': RandomForestRegressor(), 'n_iter': 10, 'n_jobs': None, 'param_distributions': {'n_estimators': [200, 500], 'max_features': ['auto', 'sqrt', 'log2'], 'max_depth': [4, 5, 6, 7, 8]}, 'pre_dispatch': '2*n_jobs', 'random_state': None, 'refit': True, 'return_train_score': False, 'scoring': None, 'verbose': 3} by RandomizedSearchCV
2021-06-18 23:55:59		INFO: Random_Forest_hyperparameter_training start
2021-06-18 23:55:59		INFO: Random Forest Parameters for training: {'n_estimators': [200, 500], 'max_features': ['auto', 'sqrt', 'log2'], 'max_depth': [4, 5, 6, 7, 8]}, with cv = 5, verbose= 3
2021-06-18 23:57:35		INFO: fitting to GridSearchCV of Random Forest done successfully
2021-06-18 23:58:47		INFO: Random_Forest_hyperparameter_training start
2021-06-18 23:58:47		INFO: Random Forest Parameters for training: {'n_estimators': [200, 500], 'max_features': ['auto', 'sqrt', 'log2'], 'max_depth': [4, 5, 6, 7, 8]}, with cv = 5, verbose= 3
2021-06-19 00:01:38		INFO: Random_Forest_hyperparameter_training start
2021-06-19 00:01:38		INFO: Random Forest Parameters for training: {'n_estimators': [200, 500], 'max_features': ['auto', 'sqrt', 'log2'], 'max_depth': [4, 5, 6, 7, 8]}, with cv = 5, verbose= 3
2021-06-19 00:04:15		INFO: fitting to GridSearchCV of Random Forest done successfully
2021-06-19 00:05:27		INFO: Random Forest fitting to RandomizedSearchCV done successfully
2021-06-19 00:05:27		INFO: Random Forest compute_score resut is r2_score is: 0.6106699695830917, mean squared error is 16219.999382473796,mean absolute error is 101.43777402344516
2021-06-19 00:05:27		INFO: Final params for Random Forest are {'cv': 5, 'error_score': nan, 'estimator__bootstrap': True, 'estimator__ccp_alpha': 0.0, 'estimator__criterion': 'mse', 'estimator__max_depth': None, 'estimator__max_features': 'auto', 'estimator__max_leaf_nodes': None, 'estimator__max_samples': None, 'estimator__min_impurity_decrease': 0.0, 'estimator__min_impurity_split': None, 'estimator__min_samples_leaf': 1, 'estimator__min_samples_split': 2, 'estimator__min_weight_fraction_leaf': 0.0, 'estimator__n_estimators': 100, 'estimator__n_jobs': None, 'estimator__oob_score': False, 'estimator__random_state': None, 'estimator__verbose': 0, 'estimator__warm_start': False, 'estimator': RandomForestRegressor(), 'n_iter': 10, 'n_jobs': None, 'param_distributions': {'n_estimators': [200, 500], 'max_features': ['auto', 'sqrt', 'log2'], 'max_depth': [4, 5, 6, 7, 8]}, 'pre_dispatch': '2*n_jobs', 'random_state': None, 'refit': True, 'return_train_score': False, 'scoring': None, 'verbose': 3} by RandomizedSearchCV
2021-06-19 00:07:54		INFO: Random_Forest_hyperparameter_training start
2021-06-19 00:07:54		INFO: Random Forest Parameters for training: {'n_estimators': [200, 500], 'max_features': ['auto', 'sqrt', 'log2'], 'max_depth': [4, 5, 6, 7, 8]}, with cv = 5, verbose= 3
2021-06-19 00:08:43		INFO: Random_Forest_hyperparameter_training start
2021-06-19 00:08:43		INFO: Random Forest Parameters for training: {'n_estimators': [200, 500], 'max_features': ['auto', 'sqrt', 'log2'], 'max_depth': [4, 5, 6, 7, 8]}, with cv = 5, verbose= 3
2021-06-19 00:11:16		INFO: fitting to GridSearchCV of Random Forest done successfully
2021-06-19 00:12:18		INFO: Random Forest fitting to RandomizedSearchCV done successfully
2021-06-19 00:12:19		INFO: Random Forest compute_score resut is r2_score is: 0.6153745437592952, mean squared error is 16024.000655760858,mean absolute error is 100.64708108139358
2021-06-19 00:12:19		INFO: Final params for Random Forest are {'cv': 5, 'error_score': nan, 'estimator__bootstrap': True, 'estimator__ccp_alpha': 0.0, 'estimator__criterion': 'mse', 'estimator__max_depth': None, 'estimator__max_features': 'auto', 'estimator__max_leaf_nodes': None, 'estimator__max_samples': None, 'estimator__min_impurity_decrease': 0.0, 'estimator__min_impurity_split': None, 'estimator__min_samples_leaf': 1, 'estimator__min_samples_split': 2, 'estimator__min_weight_fraction_leaf': 0.0, 'estimator__n_estimators': 100, 'estimator__n_jobs': None, 'estimator__oob_score': False, 'estimator__random_state': None, 'estimator__verbose': 0, 'estimator__warm_start': False, 'estimator': RandomForestRegressor(), 'n_iter': 10, 'n_jobs': None, 'param_distributions': {'n_estimators': [200, 500], 'max_features': ['auto', 'sqrt', 'log2'], 'max_depth': [4, 5, 6, 7, 8]}, 'pre_dispatch': '2*n_jobs', 'random_state': None, 'refit': True, 'return_train_score': False, 'scoring': None, 'verbose': 3} by RandomizedSearchCV
2021-06-19 00:12:22		INFO: Random_Forest_hyperparameter_training start
2021-06-19 00:12:22		INFO: Random Forest Parameters for training: {'n_estimators': [200, 500], 'max_features': ['auto', 'sqrt', 'log2'], 'max_depth': [4, 5, 6, 7, 8]}, with cv = 5, verbose= 3
2021-06-19 00:15:18		INFO: fitting to GridSearchCV of Random Forest done successfully
2021-06-19 00:16:37		INFO: Random Forest fitting to RandomizedSearchCV done successfully
2021-06-19 00:16:37		INFO: Random Forest compute_score resut is r2_score is: 0.6071964907318155, mean squared error is 16364.709064289003,mean absolute error is 101.750710415434
2021-06-19 00:16:37		INFO: Final params for Random Forest are {'cv': 5, 'error_score': nan, 'estimator__bootstrap': True, 'estimator__ccp_alpha': 0.0, 'estimator__criterion': 'mse', 'estimator__max_depth': None, 'estimator__max_features': 'auto', 'estimator__max_leaf_nodes': None, 'estimator__max_samples': None, 'estimator__min_impurity_decrease': 0.0, 'estimator__min_impurity_split': None, 'estimator__min_samples_leaf': 1, 'estimator__min_samples_split': 2, 'estimator__min_weight_fraction_leaf': 0.0, 'estimator__n_estimators': 100, 'estimator__n_jobs': None, 'estimator__oob_score': False, 'estimator__random_state': None, 'estimator__verbose': 0, 'estimator__warm_start': False, 'estimator': RandomForestRegressor(), 'n_jobs': None, 'param_grid': {'n_estimators': [200, 500], 'max_features': ['auto', 'sqrt', 'log2'], 'max_depth': [4, 5, 6, 7, 8]}, 'pre_dispatch': '2*n_jobs', 'refit': True, 'return_train_score': False, 'scoring': None, 'verbose': 3} by GridSearchCV
2021-06-19 00:16:39		INFO: Random_Forest_hyperparameter_training start
2021-06-19 00:16:39		INFO: Random Forest Parameters for training: {'n_estimators': [200, 500], 'max_features': ['auto', 'sqrt', 'log2'], 'max_depth': [4, 5, 6, 7, 8]}, with cv = 5, verbose= 3
2021-06-19 00:18:32		INFO: fitting to GridSearchCV of Random Forest done successfully
2021-06-19 00:19:10		INFO: Random Forest fitting to RandomizedSearchCV done successfully
2021-06-19 00:19:10		INFO: Random Forest compute_score resut is r2_score is: 0.8999109370403872, mean squared error is 9525.004627933407,mean absolute error is 78.60320874071425
2021-06-19 00:19:10		INFO: Final params for Random Forest are {'cv': 5, 'error_score': nan, 'estimator__bootstrap': True, 'estimator__ccp_alpha': 0.0, 'estimator__criterion': 'mse', 'estimator__max_depth': None, 'estimator__max_features': 'auto', 'estimator__max_leaf_nodes': None, 'estimator__max_samples': None, 'estimator__min_impurity_decrease': 0.0, 'estimator__min_impurity_split': None, 'estimator__min_samples_leaf': 1, 'estimator__min_samples_split': 2, 'estimator__min_weight_fraction_leaf': 0.0, 'estimator__n_estimators': 100, 'estimator__n_jobs': None, 'estimator__oob_score': False, 'estimator__random_state': None, 'estimator__verbose': 0, 'estimator__warm_start': False, 'estimator': RandomForestRegressor(), 'n_iter': 10, 'n_jobs': None, 'param_distributions': {'n_estimators': [200, 500], 'max_features': ['auto', 'sqrt', 'log2'], 'max_depth': [4, 5, 6, 7, 8]}, 'pre_dispatch': '2*n_jobs', 'random_state': None, 'refit': True, 'return_train_score': False, 'scoring': None, 'verbose': 3} by RandomizedSearchCV
2021-06-19 00:19:11		INFO: Random_Forest_hyperparameter_training start
2021-06-19 00:19:11		INFO: Random Forest Parameters for training: {'n_estimators': [200, 500], 'max_features': ['auto', 'sqrt', 'log2'], 'max_depth': [4, 5, 6, 7, 8]}, with cv = 5, verbose= 3
2021-06-19 00:21:11		INFO: fitting to GridSearchCV of Random Forest done successfully
2021-06-19 00:21:44		INFO: Random Forest fitting to RandomizedSearchCV done successfully
2021-06-19 00:21:44		INFO: Random Forest compute_score resut is r2_score is: 0.8741842932783392, mean squared error is 11973.288123139857,mean absolute error is 88.57233044700561
2021-06-19 00:21:44		INFO: Final params for Random Forest are {'cv': 5, 'error_score': nan, 'estimator__bootstrap': True, 'estimator__ccp_alpha': 0.0, 'estimator__criterion': 'mse', 'estimator__max_depth': None, 'estimator__max_features': 'auto', 'estimator__max_leaf_nodes': None, 'estimator__max_samples': None, 'estimator__min_impurity_decrease': 0.0, 'estimator__min_impurity_split': None, 'estimator__min_samples_leaf': 1, 'estimator__min_samples_split': 2, 'estimator__min_weight_fraction_leaf': 0.0, 'estimator__n_estimators': 100, 'estimator__n_jobs': None, 'estimator__oob_score': False, 'estimator__random_state': None, 'estimator__verbose': 0, 'estimator__warm_start': False, 'estimator': RandomForestRegressor(), 'n_jobs': None, 'param_grid': {'n_estimators': [200, 500], 'max_features': ['auto', 'sqrt', 'log2'], 'max_depth': [4, 5, 6, 7, 8]}, 'pre_dispatch': '2*n_jobs', 'refit': True, 'return_train_score': False, 'scoring': None, 'verbose': 3} by GridSearchCV
2021-06-19 00:21:45		INFO: Random_Forest_hyperparameter_training start
2021-06-19 00:21:45		INFO: Random Forest Parameters for training: {'n_estimators': [200, 500], 'max_features': ['auto', 'sqrt', 'log2'], 'max_depth': [4, 5, 6, 7, 8]}, with cv = 5, verbose= 3
2021-06-19 00:23:29		INFO: fitting to GridSearchCV of Random Forest done successfully
2021-06-19 00:24:10		INFO: Random Forest fitting to RandomizedSearchCV done successfully
2021-06-19 00:24:10		INFO: Random Forest compute_score resut is r2_score is: -0.241325666666667, mean squared error is 24826.51333333334,mean absolute error is 131.53333333333333
2021-06-19 00:24:10		INFO: Final params for Random Forest are {'cv': 5, 'error_score': nan, 'estimator__bootstrap': True, 'estimator__ccp_alpha': 0.0, 'estimator__criterion': 'mse', 'estimator__max_depth': None, 'estimator__max_features': 'auto', 'estimator__max_leaf_nodes': None, 'estimator__max_samples': None, 'estimator__min_impurity_decrease': 0.0, 'estimator__min_impurity_split': None, 'estimator__min_samples_leaf': 1, 'estimator__min_samples_split': 2, 'estimator__min_weight_fraction_leaf': 0.0, 'estimator__n_estimators': 100, 'estimator__n_jobs': None, 'estimator__oob_score': False, 'estimator__random_state': None, 'estimator__verbose': 0, 'estimator__warm_start': False, 'estimator': RandomForestRegressor(), 'n_iter': 10, 'n_jobs': None, 'param_distributions': {'n_estimators': [200, 500], 'max_features': ['auto', 'sqrt', 'log2'], 'max_depth': [4, 5, 6, 7, 8]}, 'pre_dispatch': '2*n_jobs', 'random_state': None, 'refit': True, 'return_train_score': False, 'scoring': None, 'verbose': 3} by RandomizedSearchCV
2021-06-19 00:24:12		INFO: Random_Forest_hyperparameter_training start
2021-06-19 00:24:12		INFO: Random Forest Parameters for training: {'n_estimators': [200, 500], 'max_features': ['auto', 'sqrt', 'log2'], 'max_depth': [4, 5, 6, 7, 8]}, with cv = 5, verbose= 3
2021-06-19 00:25:57		INFO: fitting to GridSearchCV of Random Forest done successfully
2021-06-19 00:26:31		INFO: Random Forest fitting to RandomizedSearchCV done successfully
2021-06-19 00:26:31		INFO: Random Forest compute_score resut is r2_score is: 0.2364601449551208, mean squared error is 15270.797100897586,mean absolute error is 107.30968253968258
2021-06-19 00:26:31		INFO: Final params for Random Forest are {'cv': 5, 'error_score': nan, 'estimator__bootstrap': True, 'estimator__ccp_alpha': 0.0, 'estimator__criterion': 'mse', 'estimator__max_depth': None, 'estimator__max_features': 'auto', 'estimator__max_leaf_nodes': None, 'estimator__max_samples': None, 'estimator__min_impurity_decrease': 0.0, 'estimator__min_impurity_split': None, 'estimator__min_samples_leaf': 1, 'estimator__min_samples_split': 2, 'estimator__min_weight_fraction_leaf': 0.0, 'estimator__n_estimators': 100, 'estimator__n_jobs': None, 'estimator__oob_score': False, 'estimator__random_state': None, 'estimator__verbose': 0, 'estimator__warm_start': False, 'estimator': RandomForestRegressor(), 'n_iter': 10, 'n_jobs': None, 'param_distributions': {'n_estimators': [200, 500], 'max_features': ['auto', 'sqrt', 'log2'], 'max_depth': [4, 5, 6, 7, 8]}, 'pre_dispatch': '2*n_jobs', 'random_state': None, 'refit': True, 'return_train_score': False, 'scoring': None, 'verbose': 3} by RandomizedSearchCV
2021-06-19 01:02:18		INFO: Random_Forest_hyperparameter_training start
2021-06-19 01:02:18		INFO: Random Forest Parameters for training: {'n_estimators': [200, 500], 'max_features': ['auto', 'sqrt', 'log2'], 'max_depth': [4, 5, 6, 7, 8]}, with cv = 5, verbose= 3 by GridSearchCV
2021-06-19 01:05:00		INFO: fitting to GridSearchCV of Random Forest done successfully
2021-06-19 01:05:00		INFO: Random Forest Parameters for training: {'n_estimators': [200, 500], 'max_features': ['auto', 'sqrt', 'log2'], 'max_depth': [4, 5, 6, 7, 8]}, with cv = 5, verbose= 3 by RandomizedSearchCV
2021-06-19 01:05:55		INFO: Random Forest fitting to RandomizedSearchCV done successfully
2021-06-19 01:05:55		INFO: Random Forest compute_score resut is r2_score is: 0.6063622415859006, mean squared error is 16399.464977201962,mean absolute error is 101.8649555875109
2021-06-19 01:05:55		INFO: Final params for Random Forest are {'cv': 5, 'error_score': nan, 'estimator__bootstrap': True, 'estimator__ccp_alpha': 0.0, 'estimator__criterion': 'mse', 'estimator__max_depth': None, 'estimator__max_features': 'auto', 'estimator__max_leaf_nodes': None, 'estimator__max_samples': None, 'estimator__min_impurity_decrease': 0.0, 'estimator__min_impurity_split': None, 'estimator__min_samples_leaf': 1, 'estimator__min_samples_split': 2, 'estimator__min_weight_fraction_leaf': 0.0, 'estimator__n_estimators': 100, 'estimator__n_jobs': None, 'estimator__oob_score': False, 'estimator__random_state': None, 'estimator__verbose': 0, 'estimator__warm_start': False, 'estimator': RandomForestRegressor(), 'n_jobs': None, 'param_grid': {'n_estimators': [200, 500], 'max_features': ['auto', 'sqrt', 'log2'], 'max_depth': [4, 5, 6, 7, 8]}, 'pre_dispatch': '2*n_jobs', 'refit': True, 'return_train_score': False, 'scoring': None, 'verbose': 3} by GridSearchCV
2021-06-19 01:05:57		INFO: Random_Forest_hyperparameter_training start
2021-06-19 01:05:57		INFO: Random_Forest_hyperparameter_training start
2021-06-19 01:05:57		INFO: Random Forest Parameters for training: {'n_estimators': [200, 500], 'max_features': ['auto', 'sqrt', 'log2'], 'max_depth': [4, 5, 6, 7, 8]}, with cv = 5, verbose= 3 by GridSearchCV
