2021-06-19 22:14:47		INFO: Successfully converted csv file from path Master_Training_File/Zomato.csv to Pandas DataFrame
2021-06-19 22:14:47		INFO: Successfully converted csv file from path Master_Training_File/Zomato.csv to Pandas DataFrame
2021-06-19 22:14:47		INFO: Successfully removed the columns ['serial', 'url', 'address', 'phone', 'reviews_list', 'dish_liked'] from Pandas DataFrame
2021-06-19 22:14:47		INFO: Successfully renames the columns from dict_keys(['listed_in_type', 'listed_in_city', 'approx_cost_for_two_people']) to dict_values(['type', 'city', 'cost']) in Pandas DataFrame
2021-06-19 22:14:47		Warning: There is 104 nan values present in this dataset that are sucessfully removed
2021-06-19 22:14:47		INFO: Sucessfuly cleaned and change the datatype of feature rate
2021-06-19 22:14:47		INFO: Sucessfuly cleaned and change the datatype of feature cost
2021-06-19 22:14:47		INFO: Sucessfully created the dummy variables of columns ['location', 'name', 'rest_type', 'cuisines', 'menu_item', 'online_order', 'book_table', 'type', 'city'] now the column size is increased from 12 to 1187
2021-06-19 22:14:47		INFO: Sucessfully split the dummy dataframe into X_dummy, Y_dummy
2021-06-19 22:14:50		INFO: Sucessfully created the list of the features that are important for the prediction
2021-06-19 22:14:50		Warning: To see the list of the features that are important for the prediction please see the X_dummy_selected_list_of_features_by_lasso.txt file
2021-06-19 22:14:50		INFO: Sucessfully create the dataframe of the selected features that are important for the prediction.
2021-06-19 22:14:50		INFO: Sucessfully train_test_split the dummy dataframe into x_train,x_test,y_train,y_test
2021-06-20 19:29:11		INFO: Successfully converted csv file from path Master_Training_File/Zomato.csv to Pandas DataFrame
2021-06-20 19:29:11		INFO: Successfully converted csv file from path Master_Training_File/Zomato.csv to Pandas DataFrame
2021-06-20 19:29:11		INFO: Successfully removed the columns ['serial', 'url', 'address', 'phone', 'reviews_list', 'dish_liked'] from Pandas DataFrame
2021-06-20 19:29:11		INFO: Successfully renames the columns from dict_keys(['listed_in_type', 'listed_in_city', 'approx_cost_for_two_people']) to dict_values(['type', 'city', 'cost']) in Pandas DataFrame
2021-06-20 19:29:11		Warning: There is no nan values in this dataset
2021-06-20 19:29:11		INFO: Sucessfuly cleaned and change the datatype of feature rate
2021-06-20 19:29:11		INFO: Sucessfuly cleaned and change the datatype of feature cost
2021-06-20 19:29:11		INFO: Sucessfully created the dummy variables of columns ['location', 'name', 'rest_type', 'cuisines', 'menu_item', 'online_order', 'book_table', 'type', 'city'] now the column size is increased from 12 to 3
2021-06-20 19:29:11		INFO: Sucessfully split the dummy dataframe into X_dummy, Y_dummy
2021-06-20 19:29:11		Error: Could not create the list of the features that are important for the prediction error: Found array with 0 sample(s) (shape=(0, 2)) while a minimum of 1 is required.
2021-06-20 19:30:39		INFO: Successfully converted csv file from path Master_Training_File/Zomato.csv to Pandas DataFrame
2021-06-20 19:30:39		INFO: Successfully converted csv file from path Master_Training_File/Zomato.csv to Pandas DataFrame
2021-06-20 19:30:39		INFO: Successfully removed the columns ['serial', 'url', 'address', 'phone', 'reviews_list', 'dish_liked'] from Pandas DataFrame
2021-06-20 19:30:39		INFO: Successfully renames the columns from dict_keys(['listed_in_type', 'listed_in_city', 'approx_cost_for_two_people']) to dict_values(['type', 'city', 'cost']) in Pandas DataFrame
2021-06-20 19:30:39		Warning: There is 284 nan values present in this dataset that are sucessfully removed
2021-06-20 19:30:39		Error: Could not cleaned and change the datatype of feature rate due to error: could not convert string to float: 'No'
2021-06-20 19:30:40		Error: Could not cleaned and change the datatype of feature cost due to error invalid literal for int() with base 10: 'South Indian North Indian Chinese'
2021-06-20 19:30:40		INFO: Sucessfully created the dummy variables of columns ['location', 'name', 'rest_type', 'cuisines', 'menu_item', 'online_order', 'book_table', 'type', 'city'] now the column size is increased from 12 to 1704
2021-06-20 19:30:40		INFO: Sucessfully split the dummy dataframe into X_dummy, Y_dummy
2021-06-20 19:30:40		Error: Could not create the list of the features that are important for the prediction error: could not convert string to float: 'No'
2021-06-20 19:32:42		INFO: Successfully converted csv file from path Master_Training_File/Zomato.csv to Pandas DataFrame
2021-06-20 19:32:42		INFO: Successfully converted csv file from path Master_Training_File/Zomato.csv to Pandas DataFrame
2021-06-20 19:32:42		INFO: Successfully removed the columns ['serial', 'url', 'address', 'phone', 'reviews_list', 'dish_liked'] from Pandas DataFrame
2021-06-20 19:32:42		INFO: Successfully renames the columns from dict_keys(['listed_in_type', 'listed_in_city', 'approx_cost_for_two_people']) to dict_values(['type', 'city', 'cost']) in Pandas DataFrame
2021-06-20 19:32:42		Warning: There is 104 nan values present in this dataset that are sucessfully removed
2021-06-20 19:32:42		INFO: Sucessfuly cleaned and change the datatype of feature rate
2021-06-20 19:32:42		INFO: Sucessfuly cleaned and change the datatype of feature cost
2021-06-20 19:32:42		INFO: Sucessfully created the dummy variables of columns ['location', 'name', 'rest_type', 'cuisines', 'menu_item', 'online_order', 'book_table', 'type', 'city'] now the column size is increased from 12 to 1187
2021-06-20 19:32:42		INFO: Sucessfully split the dummy dataframe into X_dummy, Y_dummy
2021-06-20 19:32:44		INFO: Sucessfully created the list of the features that are important for the prediction
2021-06-20 19:32:44		Warning: To see the list of the features that are important for the prediction please see the X_dummy_selected_list_of_features_by_lasso.txt file
2021-06-20 19:32:45		INFO: Sucessfully create the dataframe of the selected features that are important for the prediction.
2021-06-20 19:32:45		INFO: Sucessfully train_test_split the dummy dataframe into x_train,x_test,y_train,y_test
2021-06-20 20:37:01		INFO: Successfully converted csv file from path Master_Training_File/Zomato.csv to Pandas DataFrame
2021-06-20 20:37:01		INFO: Successfully converted csv file from path Master_Training_File/Zomato.csv to Pandas DataFrame
2021-06-20 20:37:01		INFO: Successfully removed the columns ['serial', 'url', 'address', 'phone', 'reviews_list', 'dish_liked'] from Pandas DataFrame
2021-06-20 20:37:01		INFO: Successfully renames the columns from dict_keys(['listed_in_type', 'listed_in_city', 'approx_cost_for_two_people']) to dict_values(['type', 'city', 'cost']) in Pandas DataFrame
2021-06-20 20:37:01		Warning: There is no nan values in this dataset
2021-06-20 20:37:01		INFO: Sucessfuly cleaned and change the datatype of feature rate
2021-06-20 20:37:01		INFO: Sucessfuly cleaned and change the datatype of feature cost
2021-06-20 20:37:01		INFO: Sucessfully created the dummy variables of columns ['location', 'name', 'rest_type', 'cuisines', 'menu_item', 'online_order', 'book_table', 'type', 'city'] now the column size is increased from 12 to 3
2021-06-20 20:37:01		INFO: Sucessfully split the dummy dataframe into X_dummy, Y_dummy
2021-06-20 20:37:01		Error: Could not create the list of the features that are important for the prediction error: Found array with 0 sample(s) (shape=(0, 2)) while a minimum of 1 is required.
2021-06-20 20:37:50		INFO: Successfully converted csv file from path Master_Training_File/Zomato.csv to Pandas DataFrame
2021-06-20 20:37:50		INFO: Successfully converted csv file from path Master_Training_File/Zomato.csv to Pandas DataFrame
2021-06-20 20:37:50		INFO: Successfully removed the columns ['serial', 'url', 'address', 'phone', 'reviews_list', 'dish_liked'] from Pandas DataFrame
2021-06-20 20:37:50		INFO: Successfully renames the columns from dict_keys(['listed_in_type', 'listed_in_city', 'approx_cost_for_two_people']) to dict_values(['type', 'city', 'cost']) in Pandas DataFrame
2021-06-20 20:37:50		Warning: There is 104 nan values present in this dataset that are sucessfully removed
2021-06-20 20:37:50		INFO: Sucessfuly cleaned and change the datatype of feature rate
2021-06-20 20:37:50		INFO: Sucessfuly cleaned and change the datatype of feature cost
2021-06-20 20:37:50		INFO: Sucessfully created the dummy variables of columns ['location', 'name', 'rest_type', 'cuisines', 'menu_item', 'online_order', 'book_table', 'type', 'city'] now the column size is increased from 12 to 1187
2021-06-20 20:37:50		INFO: Sucessfully split the dummy dataframe into X_dummy, Y_dummy
2021-06-20 20:37:51		INFO: Sucessfully created the list of the features that are important for the prediction
2021-06-20 20:37:51		Warning: To see the list of the features that are important for the prediction please see the X_dummy_selected_list_of_features_by_lasso.txt file
2021-06-20 20:37:52		INFO: Sucessfully create the dataframe of the selected features that are important for the prediction.
2021-06-20 20:37:52		INFO: Sucessfully train_test_split the dummy dataframe into x_train,x_test,y_train,y_test
2021-06-20 23:15:16		INFO: Successfully converted csv file from path Master_Training_File/Zomato.csv to Pandas DataFrame
2021-06-20 23:20:23		INFO: Successfully converted csv file from path Master_Training_File/Zomato.csv to Pandas DataFrame
2021-06-20 23:20:23		INFO: Successfully converted csv file from path Master_Training_File/Zomato.csv to Pandas DataFrame
2021-06-20 23:20:23		INFO: Successfully removed the columns ['serial', 'url', 'address', 'phone', 'reviews_list', 'dish_liked'] from Pandas DataFrame
2021-06-20 23:20:23		INFO: Successfully renames the columns from dict_keys(['listed_in_type', 'listed_in_city', 'approx_cost_for_two_people']) to dict_values(['type', 'city', 'cost']) in Pandas DataFrame
2021-06-20 23:20:23		Warning: There is 104 nan values present in this dataset that are sucessfully removed
2021-06-20 23:20:23		INFO: Sucessfuly cleaned and change the datatype of feature rate
2021-06-20 23:20:23		INFO: Sucessfuly cleaned and change the datatype of feature cost
2021-06-20 23:20:24		INFO: Sucessfully split the dummy dataframe into X_dummy, Y_dummy
2021-06-20 23:20:26		INFO: Sucessfully created the list of the features that are important for the prediction
2021-06-20 23:20:26		Warning: To see the list of the features that are important for the prediction please see the X_dummy_selected_list_of_features_by_lasso.txt file
2021-06-20 23:20:26		Error: Could not create the list of the features that are important for the prediction error: write() argument must be str, not list
2021-06-20 23:20:26		INFO: Sucessfully create the dataframe of the selected features that are important for the prediction.
2021-06-20 23:20:26		INFO: Sucessfully train_test_split the dummy dataframe into x_train,x_test,y_train,y_test
2021-06-20 23:23:26		INFO: Successfully converted csv file from path Master_Training_File/Zomato.csv to Pandas DataFrame
2021-06-20 23:23:26		INFO: Successfully converted csv file from path Master_Training_File/Zomato.csv to Pandas DataFrame
2021-06-20 23:23:26		INFO: Successfully removed the columns ['serial', 'url', 'address', 'phone', 'reviews_list', 'dish_liked'] from Pandas DataFrame
2021-06-20 23:23:26		INFO: Successfully renames the columns from dict_keys(['listed_in_type', 'listed_in_city', 'approx_cost_for_two_people']) to dict_values(['type', 'city', 'cost']) in Pandas DataFrame
2021-06-20 23:23:26		Warning: There is 104 nan values present in this dataset that are sucessfully removed
2021-06-20 23:23:26		INFO: Sucessfuly cleaned and change the datatype of feature rate
2021-06-20 23:23:26		INFO: Sucessfuly cleaned and change the datatype of feature cost
2021-06-20 23:23:26		INFO: Sucessfully split the dummy dataframe into X_dummy, Y_dummy
2021-06-20 23:23:28		INFO: Sucessfully created the list of the features that are important for the prediction
2021-06-20 23:23:28		Warning: To see the list of the features that are important for the prediction please see the X_dummy_selected_list_of_features_by_lasso.txt file
2021-06-20 23:23:29		INFO: Sucessfully create the dataframe of the selected features that are important for the prediction.
2021-06-20 23:23:29		INFO: Sucessfully train_test_split the dummy dataframe into x_train,x_test,y_train,y_test
2021-06-20 23:45:29		INFO: Successfully converted csv file from path Master_Training_File/Zomato.csv to Pandas DataFrame
2021-06-20 23:48:17		INFO: Successfully converted csv file from path Master_Training_File/Zomato.csv to Pandas DataFrame
2021-06-20 23:48:55		INFO: Successfully converted csv file from path Master_Training_File/Zomato.csv to Pandas DataFrame
2021-06-20 23:49:12		INFO: Successfully converted csv file from path Master_Training_File/Zomato.csv to Pandas DataFrame
2021-06-20 23:50:04		INFO: Successfully converted csv file from path Master_Training_File/Zomato.csv to Pandas DataFrame
2021-06-20 23:50:50		INFO: Successfully converted csv file from path Master_Training_File/Zomato.csv to Pandas DataFrame
2021-06-20 23:53:39		INFO: Successfully converted csv file from path Master_Training_File/Zomato.csv to Pandas DataFrame
2021-06-20 23:54:58		INFO: Successfully converted csv file from path Master_Training_File/Zomato.csv to Pandas DataFrame
2021-06-20 23:56:19		INFO: Successfully converted csv file from path Master_Training_File/Zomato.csv to Pandas DataFrame
2021-06-20 23:57:01		INFO: Successfully converted csv file from path Master_Training_File/Zomato.csv to Pandas DataFrame
2021-06-20 23:59:00		INFO: Successfully converted csv file from path Master_Training_File/Zomato.csv to Pandas DataFrame
2021-06-20 23:59:31		INFO: Successfully converted csv file from path Master_Training_File/Zomato.csv to Pandas DataFrame
2021-06-21 00:01:37		INFO: Successfully converted csv file from path Master_Training_File/Zomato.csv to Pandas DataFrame
2021-06-21 00:02:05		INFO: Successfully converted csv file from path Master_Training_File/Zomato.csv to Pandas DataFrame
2021-06-21 00:02:35		INFO: Successfully converted csv file from path Master_Training_File/Zomato.csv to Pandas DataFrame
2021-06-21 00:02:49		INFO: Successfully converted csv file from path Master_Training_File/Zomato.csv to Pandas DataFrame
2021-06-21 00:03:33		INFO: Successfully converted csv file from path Master_Training_File/Zomato.csv to Pandas DataFrame
2021-06-21 00:04:41		INFO: Successfully converted csv file from path Master_Training_File/Zomato.csv to Pandas DataFrame
2021-06-21 00:05:07		INFO: Successfully converted csv file from path Master_Training_File/Zomato.csv to Pandas DataFrame
2021-06-21 00:07:55		INFO: Successfully converted csv file from path Master_Training_File/Zomato.csv to Pandas DataFrame
2021-06-21 00:24:28		INFO: Successfully converted csv file from path Master_Training_File/Zomato.csv to Pandas DataFrame
2021-06-21 00:24:28		INFO: Sucessfully create the dataframe of the selected features that are important for the prediction.
2021-06-21 00:24:58		INFO: Successfully converted csv file from path Master_Training_File/Zomato.csv to Pandas DataFrame
2021-06-21 00:24:58		INFO: Sucessfully create the dataframe of the selected features that are important for the prediction.
