2021-06-20 21:58:56		INFO: Establishing Connection with zomato_prediction.db ....
2021-06-20 21:58:56		INFO: Successfully Established Connection with zomato_prediction.db
2021-06-20 21:58:57		INFO: Successfully created the Zomato along with it's columns
2021-06-20 21:58:57		INFO: Establishing Connection with zomato_prediction.db ....
2021-06-20 21:58:57		Error: Could not insert values into table Zomato error: Incorrect number of bindings supplied. The current statement uses 17, and there are 18 supplied.
2021-06-20 21:58:57		INFO: Establishing Connection with zomato_prediction.db ....
2021-06-20 21:58:57		INFO: Successfully dump the data from zomato_prediction.db database to one csv file
2021-06-20 21:59:46		Warning: DataBase zomato_prediction.db removed
2021-06-20 21:59:46		INFO: Establishing Connection with zomato_prediction.db ....
2021-06-20 21:59:46		INFO: Successfully Established Connection with zomato_prediction.db
2021-06-20 21:59:47		INFO: Successfully created the Zomato along with it's columns
2021-06-20 21:59:47		INFO: Establishing Connection with zomato_prediction.db ....
2021-06-20 21:59:47		Error: Could not insert values into table Zomato error: Incorrect number of bindings supplied. The current statement uses 17, and there are 18 supplied.
2021-06-20 21:59:47		INFO: Establishing Connection with zomato_prediction.db ....
2021-06-20 21:59:47		INFO: Successfully dump the data from zomato_prediction.db database to one csv file
2021-06-20 22:02:37		Warning: DataBase zomato_prediction.db removed
2021-06-20 22:02:37		INFO: Establishing Connection with zomato_prediction.db ....
2021-06-20 22:02:37		INFO: Successfully Established Connection with zomato_prediction.db
2021-06-20 22:02:37		INFO: Successfully created the Zomato along with it's columns
2021-06-20 22:02:37		INFO: Establishing Connection with zomato_prediction.db ....
2021-06-20 22:02:37		Error: Could not insert values into table Zomato error: table Zomato has 17 columns but 18 values were supplied
2021-06-20 22:02:37		INFO: Establishing Connection with zomato_prediction.db ....
2021-06-20 22:02:37		INFO: Successfully dump the data from zomato_prediction.db database to one csv file
2021-06-20 22:03:35		Warning: DataBase zomato_prediction.db removed
2021-06-20 22:03:35		INFO: Establishing Connection with zomato_prediction.db ....
2021-06-20 22:03:35		INFO: Successfully Established Connection with zomato_prediction.db
2021-06-20 22:03:35		INFO: Successfully created the Zomato along with it's columns
2021-06-20 22:03:35		INFO: Establishing Connection with zomato_prediction.db ....
2021-06-20 22:03:35		Error: Could not insert values into table Zomato error: object of type '_csv.reader' has no len()
2021-06-20 22:03:35		INFO: Establishing Connection with zomato_prediction.db ....
2021-06-20 22:03:36		INFO: Successfully dump the data from zomato_prediction.db database to one csv file
2021-06-20 22:09:43		Warning: DataBase zomato_prediction.db removed
2021-06-20 22:09:43		INFO: Establishing Connection with zomato_prediction.db ....
2021-06-20 22:09:43		INFO: Successfully Established Connection with zomato_prediction.db
2021-06-20 22:09:43		INFO: Successfully created the Zomato along with it's columns
2021-06-20 22:09:43		INFO: Establishing Connection with zomato_prediction.db ....
2021-06-20 22:09:43		INFO: Sucessfully inserted the values into table Zomato
2021-06-20 22:09:44		INFO: Establishing Connection with zomato_prediction.db ....
2021-06-20 22:09:44		INFO: Successfully dump the data from zomato_prediction.db database to one csv file
2021-06-20 23:15:15		Warning: DataBase zomato_prediction.db removed
2021-06-20 23:15:15		INFO: Establishing Connection with zomato_prediction.db ....
2021-06-20 23:15:15		INFO: Successfully Established Connection with zomato_prediction.db
2021-06-20 23:15:15		INFO: Successfully created the Zomato along with it's columns
2021-06-20 23:15:15		INFO: Establishing Connection with zomato_prediction.db ....
2021-06-20 23:15:15		INFO: Sucessfully inserted the values into table Zomato
2021-06-20 23:15:15		INFO: Establishing Connection with zomato_prediction.db ....
2021-06-20 23:15:15		INFO: Successfully dump the data from zomato_prediction.db database to one csv file
2021-06-20 23:45:29		Warning: DataBase zomato_prediction.db removed
2021-06-20 23:45:29		INFO: Establishing Connection with zomato_prediction.db ....
2021-06-20 23:45:29		INFO: Successfully Established Connection with zomato_prediction.db
2021-06-20 23:45:29		INFO: Successfully created the Zomato along with it's columns
2021-06-20 23:45:29		INFO: Establishing Connection with zomato_prediction.db ....
2021-06-20 23:45:29		INFO: Sucessfully inserted the values into table Zomato
2021-06-20 23:45:29		INFO: Establishing Connection with zomato_prediction.db ....
2021-06-20 23:45:29		INFO: Successfully dump the data from zomato_prediction.db database to one csv file
2021-06-20 23:48:16		Warning: DataBase zomato_prediction.db removed
2021-06-20 23:48:16		INFO: Establishing Connection with zomato_prediction.db ....
2021-06-20 23:48:16		INFO: Successfully Established Connection with zomato_prediction.db
2021-06-20 23:48:16		INFO: Successfully created the Zomato along with it's columns
2021-06-20 23:48:16		INFO: Establishing Connection with zomato_prediction.db ....
2021-06-20 23:48:16		INFO: Sucessfully inserted the values into table Zomato
2021-06-20 23:48:16		INFO: Establishing Connection with zomato_prediction.db ....
2021-06-20 23:48:17		INFO: Successfully dump the data from zomato_prediction.db database to one csv file
2021-06-20 23:48:54		Warning: DataBase zomato_prediction.db removed
2021-06-20 23:48:54		INFO: Establishing Connection with zomato_prediction.db ....
2021-06-20 23:48:54		INFO: Successfully Established Connection with zomato_prediction.db
2021-06-20 23:48:55		INFO: Successfully created the Zomato along with it's columns
2021-06-20 23:48:55		INFO: Establishing Connection with zomato_prediction.db ....
2021-06-20 23:48:55		INFO: Sucessfully inserted the values into table Zomato
2021-06-20 23:48:55		INFO: Establishing Connection with zomato_prediction.db ....
2021-06-20 23:48:55		INFO: Successfully dump the data from zomato_prediction.db database to one csv file
2021-06-20 23:49:12		Warning: DataBase zomato_prediction.db removed
2021-06-20 23:49:12		INFO: Establishing Connection with zomato_prediction.db ....
2021-06-20 23:49:12		INFO: Successfully Established Connection with zomato_prediction.db
2021-06-20 23:49:12		INFO: Successfully created the Zomato along with it's columns
2021-06-20 23:49:12		INFO: Establishing Connection with zomato_prediction.db ....
2021-06-20 23:49:12		INFO: Sucessfully inserted the values into table Zomato
2021-06-20 23:49:12		INFO: Establishing Connection with zomato_prediction.db ....
2021-06-20 23:49:12		INFO: Successfully dump the data from zomato_prediction.db database to one csv file
2021-06-20 23:50:03		Warning: DataBase zomato_prediction.db removed
2021-06-20 23:50:03		INFO: Establishing Connection with zomato_prediction.db ....
2021-06-20 23:50:03		INFO: Successfully Established Connection with zomato_prediction.db
2021-06-20 23:50:03		INFO: Successfully created the Zomato along with it's columns
2021-06-20 23:50:03		INFO: Establishing Connection with zomato_prediction.db ....
2021-06-20 23:50:03		INFO: Sucessfully inserted the values into table Zomato
2021-06-20 23:50:03		INFO: Establishing Connection with zomato_prediction.db ....
2021-06-20 23:50:03		INFO: Successfully dump the data from zomato_prediction.db database to one csv file
2021-06-20 23:50:49		Warning: DataBase zomato_prediction.db removed
2021-06-20 23:50:49		INFO: Establishing Connection with zomato_prediction.db ....
2021-06-20 23:50:49		INFO: Successfully Established Connection with zomato_prediction.db
2021-06-20 23:50:50		INFO: Successfully created the Zomato along with it's columns
2021-06-20 23:50:50		INFO: Establishing Connection with zomato_prediction.db ....
2021-06-20 23:50:50		INFO: Sucessfully inserted the values into table Zomato
2021-06-20 23:50:50		INFO: Establishing Connection with zomato_prediction.db ....
2021-06-20 23:50:50		INFO: Successfully dump the data from zomato_prediction.db database to one csv file
2021-06-20 23:53:38		Warning: DataBase zomato_prediction.db removed
2021-06-20 23:53:38		INFO: Establishing Connection with zomato_prediction.db ....
2021-06-20 23:53:38		INFO: Successfully Established Connection with zomato_prediction.db
2021-06-20 23:53:38		INFO: Successfully created the Zomato along with it's columns
2021-06-20 23:53:39		INFO: Establishing Connection with zomato_prediction.db ....
2021-06-20 23:53:39		INFO: Sucessfully inserted the values into table Zomato
2021-06-20 23:53:39		INFO: Establishing Connection with zomato_prediction.db ....
2021-06-20 23:53:39		INFO: Successfully dump the data from zomato_prediction.db database to one csv file
2021-06-20 23:54:57		Warning: DataBase zomato_prediction.db removed
2021-06-20 23:54:57		INFO: Establishing Connection with zomato_prediction.db ....
2021-06-20 23:54:57		INFO: Successfully Established Connection with zomato_prediction.db
2021-06-20 23:54:58		INFO: Successfully created the Zomato along with it's columns
2021-06-20 23:54:58		INFO: Establishing Connection with zomato_prediction.db ....
2021-06-20 23:54:58		INFO: Sucessfully inserted the values into table Zomato
2021-06-20 23:54:58		INFO: Establishing Connection with zomato_prediction.db ....
2021-06-20 23:54:58		INFO: Successfully dump the data from zomato_prediction.db database to one csv file
2021-06-20 23:56:18		Warning: DataBase zomato_prediction.db removed
2021-06-20 23:56:18		INFO: Establishing Connection with zomato_prediction.db ....
2021-06-20 23:56:18		INFO: Successfully Established Connection with zomato_prediction.db
2021-06-20 23:56:19		INFO: Successfully created the Zomato along with it's columns
2021-06-20 23:56:19		INFO: Establishing Connection with zomato_prediction.db ....
2021-06-20 23:56:19		INFO: Sucessfully inserted the values into table Zomato
2021-06-20 23:56:19		INFO: Establishing Connection with zomato_prediction.db ....
2021-06-20 23:56:19		INFO: Successfully dump the data from zomato_prediction.db database to one csv file
2021-06-20 23:57:00		Warning: DataBase zomato_prediction.db removed
2021-06-20 23:57:00		INFO: Establishing Connection with zomato_prediction.db ....
2021-06-20 23:57:00		INFO: Successfully Established Connection with zomato_prediction.db
2021-06-20 23:57:00		INFO: Successfully created the Zomato along with it's columns
2021-06-20 23:57:00		INFO: Establishing Connection with zomato_prediction.db ....
2021-06-20 23:57:00		INFO: Sucessfully inserted the values into table Zomato
2021-06-20 23:57:00		INFO: Establishing Connection with zomato_prediction.db ....
2021-06-20 23:57:00		INFO: Successfully dump the data from zomato_prediction.db database to one csv file
2021-06-20 23:59:00		Warning: DataBase zomato_prediction.db removed
2021-06-20 23:59:00		INFO: Establishing Connection with zomato_prediction.db ....
2021-06-20 23:59:00		INFO: Successfully Established Connection with zomato_prediction.db
2021-06-20 23:59:00		INFO: Successfully created the Zomato along with it's columns
2021-06-20 23:59:00		INFO: Establishing Connection with zomato_prediction.db ....
2021-06-20 23:59:00		INFO: Sucessfully inserted the values into table Zomato
2021-06-20 23:59:00		INFO: Establishing Connection with zomato_prediction.db ....
2021-06-20 23:59:00		INFO: Successfully dump the data from zomato_prediction.db database to one csv file
2021-06-20 23:59:30		Warning: DataBase zomato_prediction.db removed
2021-06-20 23:59:30		INFO: Establishing Connection with zomato_prediction.db ....
2021-06-20 23:59:30		INFO: Successfully Established Connection with zomato_prediction.db
2021-06-20 23:59:30		INFO: Successfully created the Zomato along with it's columns
2021-06-20 23:59:31		INFO: Establishing Connection with zomato_prediction.db ....
2021-06-20 23:59:31		INFO: Sucessfully inserted the values into table Zomato
2021-06-20 23:59:31		INFO: Establishing Connection with zomato_prediction.db ....
2021-06-20 23:59:31		INFO: Successfully dump the data from zomato_prediction.db database to one csv file
2021-06-21 00:01:36		Warning: DataBase zomato_prediction.db removed
2021-06-21 00:01:36		INFO: Establishing Connection with zomato_prediction.db ....
2021-06-21 00:01:36		INFO: Successfully Established Connection with zomato_prediction.db
2021-06-21 00:01:36		INFO: Successfully created the Zomato along with it's columns
2021-06-21 00:01:36		INFO: Establishing Connection with zomato_prediction.db ....
2021-06-21 00:01:36		INFO: Sucessfully inserted the values into table Zomato
2021-06-21 00:01:36		INFO: Establishing Connection with zomato_prediction.db ....
2021-06-21 00:01:36		INFO: Successfully dump the data from zomato_prediction.db database to one csv file
2021-06-21 00:02:04		Warning: DataBase zomato_prediction.db removed
2021-06-21 00:02:04		INFO: Establishing Connection with zomato_prediction.db ....
2021-06-21 00:02:04		INFO: Successfully Established Connection with zomato_prediction.db
2021-06-21 00:02:05		INFO: Successfully created the Zomato along with it's columns
2021-06-21 00:02:05		INFO: Establishing Connection with zomato_prediction.db ....
2021-06-21 00:02:05		INFO: Sucessfully inserted the values into table Zomato
2021-06-21 00:02:05		INFO: Establishing Connection with zomato_prediction.db ....
2021-06-21 00:02:05		INFO: Successfully dump the data from zomato_prediction.db database to one csv file
2021-06-21 00:02:34		Warning: DataBase zomato_prediction.db removed
2021-06-21 00:02:34		INFO: Establishing Connection with zomato_prediction.db ....
2021-06-21 00:02:34		INFO: Successfully Established Connection with zomato_prediction.db
2021-06-21 00:02:34		INFO: Successfully created the Zomato along with it's columns
2021-06-21 00:02:34		INFO: Establishing Connection with zomato_prediction.db ....
2021-06-21 00:02:34		INFO: Sucessfully inserted the values into table Zomato
2021-06-21 00:02:34		INFO: Establishing Connection with zomato_prediction.db ....
2021-06-21 00:02:34		INFO: Successfully dump the data from zomato_prediction.db database to one csv file
2021-06-21 00:02:48		Warning: DataBase zomato_prediction.db removed
2021-06-21 00:02:48		INFO: Establishing Connection with zomato_prediction.db ....
2021-06-21 00:02:48		INFO: Successfully Established Connection with zomato_prediction.db
2021-06-21 00:02:49		INFO: Successfully created the Zomato along with it's columns
2021-06-21 00:02:49		INFO: Establishing Connection with zomato_prediction.db ....
2021-06-21 00:02:49		INFO: Sucessfully inserted the values into table Zomato
2021-06-21 00:02:49		INFO: Establishing Connection with zomato_prediction.db ....
2021-06-21 00:02:49		INFO: Successfully dump the data from zomato_prediction.db database to one csv file
2021-06-21 00:03:32		Warning: DataBase zomato_prediction.db removed
2021-06-21 00:03:32		INFO: Establishing Connection with zomato_prediction.db ....
2021-06-21 00:03:32		INFO: Successfully Established Connection with zomato_prediction.db
2021-06-21 00:03:33		INFO: Successfully created the Zomato along with it's columns
2021-06-21 00:03:33		INFO: Establishing Connection with zomato_prediction.db ....
2021-06-21 00:03:33		INFO: Sucessfully inserted the values into table Zomato
2021-06-21 00:03:33		INFO: Establishing Connection with zomato_prediction.db ....
2021-06-21 00:03:33		INFO: Successfully dump the data from zomato_prediction.db database to one csv file
2021-06-21 00:04:40		Warning: DataBase zomato_prediction.db removed
2021-06-21 00:04:40		INFO: Establishing Connection with zomato_prediction.db ....
2021-06-21 00:04:40		INFO: Successfully Established Connection with zomato_prediction.db
2021-06-21 00:04:40		INFO: Successfully created the Zomato along with it's columns
2021-06-21 00:04:40		INFO: Establishing Connection with zomato_prediction.db ....
2021-06-21 00:04:40		INFO: Sucessfully inserted the values into table Zomato
2021-06-21 00:04:40		INFO: Establishing Connection with zomato_prediction.db ....
2021-06-21 00:04:40		INFO: Successfully dump the data from zomato_prediction.db database to one csv file
2021-06-21 00:05:05		Warning: DataBase zomato_prediction.db removed
2021-06-21 00:05:05		INFO: Establishing Connection with zomato_prediction.db ....
2021-06-21 00:05:05		INFO: Successfully Established Connection with zomato_prediction.db
2021-06-21 00:05:06		INFO: Successfully created the Zomato along with it's columns
2021-06-21 00:05:06		INFO: Establishing Connection with zomato_prediction.db ....
2021-06-21 00:05:06		INFO: Sucessfully inserted the values into table Zomato
2021-06-21 00:05:06		INFO: Establishing Connection with zomato_prediction.db ....
2021-06-21 00:05:06		INFO: Successfully dump the data from zomato_prediction.db database to one csv file
2021-06-21 00:07:54		Warning: DataBase zomato_prediction.db removed
2021-06-21 00:07:54		INFO: Establishing Connection with zomato_prediction.db ....
2021-06-21 00:07:54		INFO: Successfully Established Connection with zomato_prediction.db
2021-06-21 00:07:55		INFO: Successfully created the Zomato along with it's columns
2021-06-21 00:07:55		INFO: Establishing Connection with zomato_prediction.db ....
2021-06-21 00:07:55		INFO: Sucessfully inserted the values into table Zomato
2021-06-21 00:07:55		INFO: Establishing Connection with zomato_prediction.db ....
2021-06-21 00:07:55		INFO: Successfully dump the data from zomato_prediction.db database to one csv file
2021-06-21 00:24:27		Warning: DataBase zomato_prediction.db removed
2021-06-21 00:24:27		INFO: Establishing Connection with zomato_prediction.db ....
2021-06-21 00:24:27		INFO: Successfully Established Connection with zomato_prediction.db
2021-06-21 00:24:28		INFO: Successfully created the Zomato along with it's columns
2021-06-21 00:24:28		INFO: Establishing Connection with zomato_prediction.db ....
2021-06-21 00:24:28		INFO: Sucessfully inserted the values into table Zomato
2021-06-21 00:24:28		INFO: Establishing Connection with zomato_prediction.db ....
2021-06-21 00:24:28		INFO: Successfully dump the data from zomato_prediction.db database to one csv file
2021-06-21 00:24:57		Warning: DataBase zomato_prediction.db removed
2021-06-21 00:24:57		INFO: Establishing Connection with zomato_prediction.db ....
2021-06-21 00:24:57		INFO: Successfully Established Connection with zomato_prediction.db
2021-06-21 00:24:57		INFO: Successfully created the Zomato along with it's columns
2021-06-21 00:24:57		INFO: Establishing Connection with zomato_prediction.db ....
2021-06-21 00:24:57		INFO: Sucessfully inserted the values into table Zomato
2021-06-21 00:24:57		INFO: Establishing Connection with zomato_prediction.db ....
2021-06-21 00:24:57		INFO: Successfully dump the data from zomato_prediction.db database to one csv file
2021-06-21 00:28:48		Warning: DataBase zomato_prediction.db removed
2021-06-21 00:28:48		INFO: Establishing Connection with zomato_prediction.db ....
2021-06-21 00:28:48		INFO: Successfully Established Connection with zomato_prediction.db
2021-06-21 00:28:48		INFO: Successfully created the Zomato along with it's columns
2021-06-21 00:28:48		INFO: Establishing Connection with zomato_prediction.db ....
2021-06-21 00:28:48		INFO: Sucessfully inserted the values into table Zomato
2021-06-21 00:28:48		INFO: Establishing Connection with zomato_prediction.db ....
2021-06-21 00:28:48		INFO: Successfully dump the data from zomato_prediction.db database to one csv file
2021-06-21 19:08:26		Warning: DataBase zomato_prediction.db removed
2021-06-21 19:08:26		INFO: Establishing Connection with zomato_prediction.db ....
2021-06-21 19:08:26		INFO: Successfully Established Connection with zomato_prediction.db
2021-06-21 19:08:27		INFO: Successfully created the Zomato along with it's columns
2021-06-21 19:08:27		INFO: Establishing Connection with zomato_prediction.db ....
2021-06-21 19:08:27		INFO: Sucessfully inserted the values into table Zomato
2021-06-21 19:08:27		INFO: Establishing Connection with zomato_prediction.db ....
2021-06-21 19:08:27		INFO: Successfully dump the data from zomato_prediction.db database to one csv file
2021-06-21 19:10:28		Warning: DataBase zomato_prediction.db removed
2021-06-21 19:10:28		INFO: Establishing Connection with zomato_prediction.db ....
2021-06-21 19:10:28		INFO: Successfully Established Connection with zomato_prediction.db
2021-06-21 19:10:28		INFO: Successfully created the Zomato along with it's columns
2021-06-21 19:10:28		INFO: Establishing Connection with zomato_prediction.db ....
2021-06-21 19:10:29		INFO: Sucessfully inserted the values into table Zomato
2021-06-21 19:10:29		INFO: Establishing Connection with zomato_prediction.db ....
2021-06-21 19:10:29		INFO: Successfully dump the data from zomato_prediction.db database to one csv file
2021-06-21 19:11:17		Warning: DataBase zomato_prediction.db removed
2021-06-21 19:11:17		INFO: Establishing Connection with zomato_prediction.db ....
2021-06-21 19:11:17		INFO: Successfully Established Connection with zomato_prediction.db
2021-06-21 19:11:17		INFO: Successfully created the Zomato along with it's columns
2021-06-21 19:11:17		INFO: Establishing Connection with zomato_prediction.db ....
2021-06-21 19:11:17		INFO: Sucessfully inserted the values into table Zomato
2021-06-21 19:11:17		INFO: Establishing Connection with zomato_prediction.db ....
2021-06-21 19:11:17		INFO: Successfully dump the data from zomato_prediction.db database to one csv file
2021-06-21 19:12:04		Warning: DataBase zomato_prediction.db removed
2021-06-21 19:12:04		INFO: Establishing Connection with zomato_prediction.db ....
2021-06-21 19:12:04		INFO: Successfully Established Connection with zomato_prediction.db
2021-06-21 19:12:04		INFO: Successfully created the Zomato along with it's columns
2021-06-21 19:12:04		INFO: Establishing Connection with zomato_prediction.db ....
2021-06-21 19:12:04		INFO: Sucessfully inserted the values into table Zomato
2021-06-21 19:12:04		INFO: Establishing Connection with zomato_prediction.db ....
2021-06-21 19:12:04		INFO: Successfully dump the data from zomato_prediction.db database to one csv file
2021-06-21 19:13:20		Warning: DataBase zomato_prediction.db removed
2021-06-21 19:13:20		INFO: Establishing Connection with zomato_prediction.db ....
2021-06-21 19:13:20		INFO: Successfully Established Connection with zomato_prediction.db
2021-06-21 19:13:20		INFO: Successfully created the Zomato along with it's columns
2021-06-21 19:13:20		INFO: Establishing Connection with zomato_prediction.db ....
2021-06-21 19:13:20		INFO: Sucessfully inserted the values into table Zomato
2021-06-21 19:13:20		INFO: Establishing Connection with zomato_prediction.db ....
2021-06-21 19:13:21		INFO: Successfully dump the data from zomato_prediction.db database to one csv file
2021-06-21 19:22:02		Warning: DataBase zomato_prediction.db removed
2021-06-21 19:22:02		INFO: Establishing Connection with zomato_prediction.db ....
2021-06-21 19:22:02		INFO: Successfully Established Connection with zomato_prediction.db
2021-06-21 19:22:03		INFO: Successfully created the Zomato along with it's columns
2021-06-21 19:22:03		INFO: Establishing Connection with zomato_prediction.db ....
2021-06-21 19:22:03		INFO: Sucessfully inserted the values into table Zomato
2021-06-21 19:22:03		INFO: Establishing Connection with zomato_prediction.db ....
2021-06-21 19:22:03		INFO: Successfully dump the data from zomato_prediction.db database to one csv file
2021-06-21 19:23:43		Warning: DataBase zomato_prediction.db removed
2021-06-21 19:23:43		INFO: Establishing Connection with zomato_prediction.db ....
2021-06-21 19:23:44		INFO: Successfully Established Connection with zomato_prediction.db
2021-06-21 19:23:44		INFO: Successfully created the Zomato along with it's columns
2021-06-21 19:23:44		INFO: Establishing Connection with zomato_prediction.db ....
2021-06-21 19:23:44		INFO: Sucessfully inserted the values into table Zomato
2021-06-21 19:23:44		INFO: Establishing Connection with zomato_prediction.db ....
2021-06-21 19:23:44		INFO: Successfully dump the data from zomato_prediction.db database to one csv file
2021-06-21 19:26:18		Warning: DataBase zomato_prediction.db removed
2021-06-21 19:26:18		INFO: Establishing Connection with zomato_prediction.db ....
2021-06-21 19:26:18		INFO: Successfully Established Connection with zomato_prediction.db
2021-06-21 19:26:18		INFO: Successfully created the Zomato along with it's columns
2021-06-21 19:26:18		INFO: Establishing Connection with zomato_prediction.db ....
2021-06-21 19:26:18		INFO: Sucessfully inserted the values into table Zomato
2021-06-21 19:26:18		INFO: Establishing Connection with zomato_prediction.db ....
2021-06-21 19:26:18		INFO: Successfully dump the data from zomato_prediction.db database to one csv file
2021-06-21 19:29:51		Warning: DataBase zomato_prediction.db removed
2021-06-21 19:29:51		INFO: Establishing Connection with zomato_prediction.db ....
2021-06-21 19:29:51		INFO: Successfully Established Connection with zomato_prediction.db
2021-06-21 19:29:51		INFO: Successfully created the Zomato along with it's columns
2021-06-21 19:29:51		INFO: Establishing Connection with zomato_prediction.db ....
2021-06-21 19:29:52		INFO: Sucessfully inserted the values into table Zomato
2021-06-21 19:29:52		INFO: Establishing Connection with zomato_prediction.db ....
2021-06-21 19:29:52		INFO: Successfully dump the data from zomato_prediction.db database to one csv file
2021-06-21 19:30:20		Warning: DataBase zomato_prediction.db removed
2021-06-21 19:30:20		INFO: Establishing Connection with zomato_prediction.db ....
2021-06-21 19:30:20		INFO: Successfully Established Connection with zomato_prediction.db
2021-06-21 19:30:20		INFO: Successfully created the Zomato along with it's columns
2021-06-21 19:30:20		INFO: Establishing Connection with zomato_prediction.db ....
2021-06-21 19:30:20		INFO: Sucessfully inserted the values into table Zomato
2021-06-21 19:30:20		INFO: Establishing Connection with zomato_prediction.db ....
2021-06-21 19:30:20		INFO: Successfully dump the data from zomato_prediction.db database to one csv file
2021-06-21 19:30:44		Warning: DataBase zomato_prediction.db removed
2021-06-21 19:30:44		INFO: Establishing Connection with zomato_prediction.db ....
2021-06-21 19:30:44		INFO: Successfully Established Connection with zomato_prediction.db
2021-06-21 19:30:45		INFO: Successfully created the Zomato along with it's columns
2021-06-21 19:30:45		INFO: Establishing Connection with zomato_prediction.db ....
2021-06-21 19:30:45		INFO: Sucessfully inserted the values into table Zomato
2021-06-21 19:30:45		INFO: Establishing Connection with zomato_prediction.db ....
2021-06-21 19:30:45		INFO: Successfully dump the data from zomato_prediction.db database to one csv file
2021-06-21 19:35:40		Warning: DataBase zomato_prediction.db removed
2021-06-21 19:35:40		INFO: Establishing Connection with zomato_prediction.db ....
2021-06-21 19:35:40		INFO: Successfully Established Connection with zomato_prediction.db
2021-06-21 19:35:40		INFO: Successfully created the Zomato along with it's columns
2021-06-21 19:35:40		INFO: Establishing Connection with zomato_prediction.db ....
2021-06-21 19:35:40		INFO: Sucessfully inserted the values into table Zomato
2021-06-21 19:35:40		INFO: Establishing Connection with zomato_prediction.db ....
2021-06-21 19:35:40		INFO: Successfully dump the data from zomato_prediction.db database to one csv file
2021-06-21 19:38:24		Warning: DataBase zomato_prediction.db removed
2021-06-21 19:38:24		INFO: Establishing Connection with zomato_prediction.db ....
2021-06-21 19:38:24		INFO: Successfully Established Connection with zomato_prediction.db
2021-06-21 19:38:24		INFO: Successfully created the Zomato along with it's columns
2021-06-21 19:38:24		INFO: Establishing Connection with zomato_prediction.db ....
2021-06-21 19:38:25		INFO: Sucessfully inserted the values into table Zomato
2021-06-21 19:38:25		INFO: Establishing Connection with zomato_prediction.db ....
2021-06-21 19:38:25		INFO: Successfully dump the data from zomato_prediction.db database to one csv file
2021-06-21 20:49:09		Warning: DataBase zomato_prediction.db removed
2021-06-21 20:49:09		INFO: Establishing Connection with zomato_prediction.db ....
2021-06-21 20:49:09		INFO: Successfully Established Connection with zomato_prediction.db
2021-06-21 20:49:09		INFO: Successfully created the Zomato along with it's columns
2021-06-21 20:49:09		INFO: Establishing Connection with zomato_prediction.db ....
2021-06-21 20:49:09		INFO: Sucessfully inserted the values into table Zomato
2021-06-21 20:49:10		INFO: Establishing Connection with zomato_prediction.db ....
2021-06-21 20:49:10		INFO: Successfully dump the data from zomato_prediction.db database to one csv file
2021-06-21 20:58:32		Warning: DataBase zomato_prediction.db removed
2021-06-21 20:58:32		INFO: Establishing Connection with zomato_prediction.db ....
2021-06-21 20:58:32		INFO: Successfully Established Connection with zomato_prediction.db
2021-06-21 20:58:32		INFO: Successfully created the Zomato along with it's columns
2021-06-21 20:58:32		INFO: Establishing Connection with zomato_prediction.db ....
2021-06-21 20:58:33		INFO: Sucessfully inserted the values into table Zomato
2021-06-21 20:58:33		INFO: Establishing Connection with zomato_prediction.db ....
2021-06-21 20:58:33		INFO: Successfully dump the data from zomato_prediction.db database to one csv file
2021-06-21 20:59:10		Warning: DataBase zomato_prediction.db removed
2021-06-21 20:59:10		INFO: Establishing Connection with zomato_prediction.db ....
2021-06-21 20:59:10		INFO: Successfully Established Connection with zomato_prediction.db
2021-06-21 20:59:10		INFO: Successfully created the Zomato along with it's columns
2021-06-21 20:59:10		INFO: Establishing Connection with zomato_prediction.db ....
2021-06-21 20:59:10		INFO: Sucessfully inserted the values into table Zomato
2021-06-21 20:59:10		INFO: Establishing Connection with zomato_prediction.db ....
2021-06-21 20:59:11		INFO: Successfully dump the data from zomato_prediction.db database to one csv file
2021-06-21 21:00:25		Warning: DataBase zomato_prediction.db removed
2021-06-21 21:00:25		INFO: Establishing Connection with zomato_prediction.db ....
2021-06-21 21:00:25		INFO: Successfully Established Connection with zomato_prediction.db
2021-06-21 21:00:26		INFO: Successfully created the Zomato along with it's columns
2021-06-21 21:00:26		INFO: Establishing Connection with zomato_prediction.db ....
2021-06-21 21:00:26		INFO: Sucessfully inserted the values into table Zomato
2021-06-21 21:00:26		INFO: Establishing Connection with zomato_prediction.db ....
2021-06-21 21:00:26		INFO: Successfully dump the data from zomato_prediction.db database to one csv file
2021-06-21 21:02:37		Warning: DataBase zomato_prediction.db removed
2021-06-21 21:02:37		INFO: Establishing Connection with zomato_prediction.db ....
2021-06-21 21:02:37		INFO: Successfully Established Connection with zomato_prediction.db
2021-06-21 21:02:38		INFO: Successfully created the Zomato along with it's columns
2021-06-21 21:02:38		INFO: Establishing Connection with zomato_prediction.db ....
2021-06-21 21:02:38		INFO: Sucessfully inserted the values into table Zomato
2021-06-21 21:02:38		INFO: Establishing Connection with zomato_prediction.db ....
2021-06-21 21:02:38		INFO: Successfully dump the data from zomato_prediction.db database to one csv file
2021-06-21 21:03:29		Warning: DataBase zomato_prediction.db removed
2021-06-21 21:03:29		INFO: Establishing Connection with zomato_prediction.db ....
2021-06-21 21:03:29		INFO: Successfully Established Connection with zomato_prediction.db
2021-06-21 21:03:29		INFO: Successfully created the Zomato along with it's columns
2021-06-21 21:03:29		INFO: Establishing Connection with zomato_prediction.db ....
2021-06-21 21:03:29		INFO: Sucessfully inserted the values into table Zomato
2021-06-21 21:03:29		INFO: Establishing Connection with zomato_prediction.db ....
2021-06-21 21:03:30		INFO: Successfully dump the data from zomato_prediction.db database to one csv file
2021-06-21 21:13:02		Warning: DataBase zomato_prediction.db removed
2021-06-21 21:13:02		INFO: Establishing Connection with zomato_prediction.db ....
2021-06-21 21:13:02		INFO: Successfully Established Connection with zomato_prediction.db
2021-06-21 21:13:02		INFO: Successfully created the Zomato along with it's columns
2021-06-21 21:13:02		INFO: Establishing Connection with zomato_prediction.db ....
2021-06-21 21:13:02		INFO: Sucessfully inserted the values into table Zomato
2021-06-21 21:13:02		INFO: Establishing Connection with zomato_prediction.db ....
2021-06-21 21:13:03		INFO: Successfully dump the data from zomato_prediction.db database to one csv file
2021-06-21 21:14:42		Warning: DataBase zomato_prediction.db removed
2021-06-21 21:14:42		INFO: Establishing Connection with zomato_prediction.db ....
2021-06-21 21:14:42		INFO: Successfully Established Connection with zomato_prediction.db
2021-06-21 21:14:43		INFO: Successfully created the Zomato along with it's columns
2021-06-21 21:14:43		INFO: Establishing Connection with zomato_prediction.db ....
2021-06-21 21:14:43		INFO: Sucessfully inserted the values into table Zomato
2021-06-21 21:14:43		INFO: Establishing Connection with zomato_prediction.db ....
2021-06-21 21:14:43		INFO: Successfully dump the data from zomato_prediction.db database to one csv file
2021-06-21 21:15:59		Warning: DataBase zomato_prediction.db removed
2021-06-21 21:15:59		INFO: Establishing Connection with zomato_prediction.db ....
2021-06-21 21:15:59		INFO: Successfully Established Connection with zomato_prediction.db
2021-06-21 21:15:59		INFO: Successfully created the Zomato along with it's columns
2021-06-21 21:16:00		INFO: Establishing Connection with zomato_prediction.db ....
2021-06-21 21:16:00		INFO: Sucessfully inserted the values into table Zomato
2021-06-21 21:16:00		INFO: Establishing Connection with zomato_prediction.db ....
2021-06-21 21:16:00		INFO: Successfully dump the data from zomato_prediction.db database to one csv file
2021-06-21 21:17:39		Warning: DataBase zomato_prediction.db removed
2021-06-21 21:17:39		INFO: Establishing Connection with zomato_prediction.db ....
2021-06-21 21:17:39		INFO: Successfully Established Connection with zomato_prediction.db
2021-06-21 21:17:39		INFO: Successfully created the Zomato along with it's columns
2021-06-21 21:17:39		INFO: Establishing Connection with zomato_prediction.db ....
2021-06-21 21:17:39		INFO: Sucessfully inserted the values into table Zomato
2021-06-21 21:17:39		INFO: Establishing Connection with zomato_prediction.db ....
2021-06-21 21:17:40		INFO: Successfully dump the data from zomato_prediction.db database to one csv file
2021-06-21 21:18:12		Warning: DataBase zomato_prediction.db removed
2021-06-21 21:18:12		INFO: Establishing Connection with zomato_prediction.db ....
2021-06-21 21:18:12		INFO: Successfully Established Connection with zomato_prediction.db
2021-06-21 21:18:13		INFO: Successfully created the Zomato along with it's columns
2021-06-21 21:18:13		INFO: Establishing Connection with zomato_prediction.db ....
2021-06-21 21:18:13		INFO: Sucessfully inserted the values into table Zomato
2021-06-21 21:18:13		INFO: Establishing Connection with zomato_prediction.db ....
2021-06-21 21:18:13		INFO: Successfully dump the data from zomato_prediction.db database to one csv file
2021-06-21 21:20:27		Warning: DataBase zomato_prediction.db removed
2021-06-21 21:20:27		INFO: Establishing Connection with zomato_prediction.db ....
2021-06-21 21:20:27		INFO: Successfully Established Connection with zomato_prediction.db
2021-06-21 21:20:28		INFO: Successfully created the Zomato along with it's columns
2021-06-21 21:20:28		INFO: Establishing Connection with zomato_prediction.db ....
2021-06-21 21:20:28		INFO: Sucessfully inserted the values into table Zomato
2021-06-21 21:20:28		INFO: Establishing Connection with zomato_prediction.db ....
2021-06-21 21:20:28		INFO: Successfully dump the data from zomato_prediction.db database to one csv file
2021-06-21 21:21:38		Warning: DataBase zomato_prediction.db removed
2021-06-21 21:21:38		INFO: Establishing Connection with zomato_prediction.db ....
2021-06-21 21:21:38		INFO: Successfully Established Connection with zomato_prediction.db
2021-06-21 21:21:39		INFO: Successfully created the Zomato along with it's columns
2021-06-21 21:21:39		INFO: Establishing Connection with zomato_prediction.db ....
2021-06-21 21:21:39		INFO: Sucessfully inserted the values into table Zomato
2021-06-21 21:21:39		INFO: Establishing Connection with zomato_prediction.db ....
2021-06-21 21:21:40		INFO: Successfully dump the data from zomato_prediction.db database to one csv file
2021-06-21 21:22:07		Warning: DataBase zomato_prediction.db removed
2021-06-21 21:22:07		INFO: Establishing Connection with zomato_prediction.db ....
2021-06-21 21:22:07		INFO: Successfully Established Connection with zomato_prediction.db
2021-06-21 21:22:08		INFO: Successfully created the Zomato along with it's columns
2021-06-21 21:22:08		INFO: Establishing Connection with zomato_prediction.db ....
2021-06-21 21:22:08		INFO: Sucessfully inserted the values into table Zomato
2021-06-21 21:22:08		INFO: Establishing Connection with zomato_prediction.db ....
2021-06-21 21:22:08		INFO: Successfully dump the data from zomato_prediction.db database to one csv file
2021-06-21 21:23:03		Warning: DataBase zomato_prediction.db removed
2021-06-21 21:23:03		INFO: Establishing Connection with zomato_prediction.db ....
2021-06-21 21:23:03		INFO: Successfully Established Connection with zomato_prediction.db
2021-06-21 21:23:04		INFO: Successfully created the Zomato along with it's columns
2021-06-21 21:23:04		INFO: Establishing Connection with zomato_prediction.db ....
2021-06-21 21:23:04		INFO: Sucessfully inserted the values into table Zomato
2021-06-21 21:23:04		INFO: Establishing Connection with zomato_prediction.db ....
2021-06-21 21:23:04		INFO: Successfully dump the data from zomato_prediction.db database to one csv file
2021-06-21 21:24:22		Warning: DataBase zomato_prediction.db removed
2021-06-21 21:24:22		INFO: Establishing Connection with zomato_prediction.db ....
2021-06-21 21:24:22		INFO: Successfully Established Connection with zomato_prediction.db
2021-06-21 21:24:23		INFO: Successfully created the Zomato along with it's columns
2021-06-21 21:24:23		INFO: Establishing Connection with zomato_prediction.db ....
2021-06-21 21:24:24		INFO: Sucessfully inserted the values into table Zomato
2021-06-21 21:24:24		INFO: Establishing Connection with zomato_prediction.db ....
2021-06-21 21:24:26		INFO: Successfully dump the data from zomato_prediction.db database to one csv file
2021-06-21 21:27:15		Warning: DataBase zomato_prediction.db removed
2021-06-21 21:27:15		INFO: Establishing Connection with zomato_prediction.db ....
2021-06-21 21:27:15		INFO: Successfully Established Connection with zomato_prediction.db
2021-06-21 21:27:16		INFO: Successfully created the Zomato along with it's columns
2021-06-21 21:27:16		INFO: Establishing Connection with zomato_prediction.db ....
2021-06-21 21:27:17		INFO: Sucessfully inserted the values into table Zomato
2021-06-21 21:27:17		INFO: Establishing Connection with zomato_prediction.db ....
2021-06-21 21:27:17		INFO: Successfully dump the data from zomato_prediction.db database to one csv file
2021-06-21 22:05:08		Warning: DataBase zomato_prediction.db removed
2021-06-21 22:05:08		INFO: Establishing Connection with zomato_prediction.db ....
2021-06-21 22:05:08		INFO: Successfully Established Connection with zomato_prediction.db
2021-06-21 22:05:08		INFO: Successfully created the Zomato along with it's columns
2021-06-21 22:05:08		INFO: Establishing Connection with zomato_prediction.db ....
2021-06-21 22:05:09		INFO: Sucessfully inserted the values into table Zomato
2021-06-21 22:05:09		INFO: Establishing Connection with zomato_prediction.db ....
2021-06-21 22:05:09		INFO: Successfully dump the data from zomato_prediction.db database to one csv file
2021-06-21 22:59:20		Warning: DataBase zomato_prediction.db removed
2021-06-21 22:59:20		INFO: Establishing Connection with zomato_prediction.db ....
2021-06-21 22:59:20		INFO: Successfully Established Connection with zomato_prediction.db
2021-06-21 22:59:21		INFO: Successfully created the Zomato along with it's columns
2021-06-21 22:59:21		INFO: Establishing Connection with zomato_prediction.db ....
2021-06-21 22:59:21		INFO: Sucessfully inserted the values into table Zomato
2021-06-21 22:59:21		INFO: Establishing Connection with zomato_prediction.db ....
2021-06-21 22:59:21		INFO: Successfully dump the data from zomato_prediction.db database to one csv file
2021-06-21 23:00:49		Warning: DataBase zomato_prediction.db removed
2021-06-21 23:00:49		INFO: Establishing Connection with zomato_prediction.db ....
2021-06-21 23:00:49		INFO: Successfully Established Connection with zomato_prediction.db
2021-06-21 23:00:49		INFO: Successfully created the Zomato along with it's columns
2021-06-21 23:00:49		INFO: Establishing Connection with zomato_prediction.db ....
2021-06-21 23:00:49		INFO: Sucessfully inserted the values into table Zomato
2021-06-21 23:00:49		INFO: Establishing Connection with zomato_prediction.db ....
2021-06-21 23:00:49		INFO: Successfully dump the data from zomato_prediction.db database to one csv file
