2021-06-20 23:15:15		INFO: Successfully converted csv file from path Master_Prediction_File/Zomato_prediction.csv to Pandas DataFrame
2021-06-20 23:15:16		INFO: Successfully removed the columns ['serial', 'url', 'address', 'phone', 'reviews_list', 'dish_liked'] from Pandas DataFrame
2021-06-20 23:15:16		INFO: Successfully renames the columns from dict_keys(['listed_in_type', 'listed_in_city', 'approx_cost_for_two_people']) to dict_values(['type', 'city', 'cost']) in Pandas DataFrame
2021-06-20 23:15:16		Warning: There is 104 nan values present in this dataset that are sucessfully removed
2021-06-20 23:15:16		INFO: Sucessfuly cleaned and change the datatype of feature rate
2021-06-20 23:15:16		INFO: Sucessfuly cleaned and change the datatype of feature cost
2021-06-20 23:15:16		INFO: Sucessfully created the dummy variables of columns ['location', 'name', 'rest_type', 'cuisines', 'menu_item', 'online_order', 'book_table', 'type', 'city'] now the column size is increased from 12 to 1187
2021-06-20 23:20:23		INFO: Sucessfully created the dummy variables of columns ['location', 'name', 'rest_type', 'cuisines', 'menu_item', 'online_order', 'book_table', 'type', 'city'] now the column size is increased from 12 to 1187
2021-06-20 23:23:26		INFO: Sucessfully created the dummy variables of columns ['location', 'name', 'rest_type', 'cuisines', 'menu_item', 'online_order', 'book_table', 'type', 'city'] now the column size is increased from 12 to 1187
2021-06-20 23:45:29		INFO: Successfully converted csv file from path Master_Prediction_File/Zomato_prediction.csv to Pandas DataFrame
2021-06-20 23:45:29		INFO: Successfully removed the columns ['serial', 'url', 'address', 'phone', 'reviews_list', 'dish_liked'] from Pandas DataFrame
2021-06-20 23:45:29		INFO: Successfully renames the columns from dict_keys(['listed_in_type', 'listed_in_city', 'approx_cost_for_two_people']) to dict_values(['type', 'city', 'cost']) in Pandas DataFrame
2021-06-20 23:45:29		Warning: There is 104 nan values present in this dataset that are sucessfully removed
2021-06-20 23:45:29		INFO: Sucessfuly cleaned and change the datatype of feature rate
2021-06-20 23:45:29		INFO: Sucessfuly cleaned and change the datatype of feature cost
2021-06-20 23:45:29		INFO: Sucessfully created the dummy variables of columns ['location', 'name', 'rest_type', 'cuisines', 'menu_item', 'online_order', 'book_table', 'type', 'city'] now the column size is increased from 12 to 1187
2021-06-20 23:48:17		INFO: Successfully converted csv file from path Master_Prediction_File/Zomato_prediction.csv to Pandas DataFrame
2021-06-20 23:48:17		INFO: Successfully removed the columns ['serial', 'url', 'address', 'phone', 'reviews_list', 'dish_liked'] from Pandas DataFrame
2021-06-20 23:48:17		INFO: Successfully renames the columns from dict_keys(['listed_in_type', 'listed_in_city', 'approx_cost_for_two_people']) to dict_values(['type', 'city', 'cost']) in Pandas DataFrame
2021-06-20 23:48:17		Warning: There is 104 nan values present in this dataset that are sucessfully removed
2021-06-20 23:48:17		INFO: Sucessfuly cleaned and change the datatype of feature rate
2021-06-20 23:48:17		INFO: Sucessfuly cleaned and change the datatype of feature cost
2021-06-20 23:48:17		INFO: Sucessfully created the dummy variables of columns ['location', 'name', 'rest_type', 'cuisines', 'menu_item', 'online_order', 'book_table', 'type', 'city'] now the column size is increased from 12 to 1187
2021-06-20 23:48:55		INFO: Successfully converted csv file from path Master_Prediction_File/Zomato_prediction.csv to Pandas DataFrame
2021-06-20 23:48:55		INFO: Successfully removed the columns ['serial', 'url', 'address', 'phone', 'reviews_list', 'dish_liked'] from Pandas DataFrame
2021-06-20 23:48:55		INFO: Successfully renames the columns from dict_keys(['listed_in_type', 'listed_in_city', 'approx_cost_for_two_people']) to dict_values(['type', 'city', 'cost']) in Pandas DataFrame
2021-06-20 23:48:55		Warning: There is 104 nan values present in this dataset that are sucessfully removed
2021-06-20 23:48:55		INFO: Sucessfuly cleaned and change the datatype of feature rate
2021-06-20 23:48:55		INFO: Sucessfuly cleaned and change the datatype of feature cost
2021-06-20 23:48:55		INFO: Sucessfully created the dummy variables of columns ['location', 'name', 'rest_type', 'cuisines', 'menu_item', 'online_order', 'book_table', 'type', 'city'] now the column size is increased from 12 to 1187
2021-06-20 23:49:12		INFO: Successfully converted csv file from path Master_Prediction_File/Zomato_prediction.csv to Pandas DataFrame
2021-06-20 23:49:12		INFO: Successfully removed the columns ['serial', 'url', 'address', 'phone', 'reviews_list', 'dish_liked'] from Pandas DataFrame
2021-06-20 23:49:12		INFO: Successfully renames the columns from dict_keys(['listed_in_type', 'listed_in_city', 'approx_cost_for_two_people']) to dict_values(['type', 'city', 'cost']) in Pandas DataFrame
2021-06-20 23:49:12		Warning: There is 104 nan values present in this dataset that are sucessfully removed
2021-06-20 23:49:13		INFO: Sucessfuly cleaned and change the datatype of feature rate
2021-06-20 23:49:13		INFO: Sucessfuly cleaned and change the datatype of feature cost
2021-06-20 23:49:13		INFO: Sucessfully created the dummy variables of columns ['location', 'name', 'rest_type', 'cuisines', 'menu_item', 'online_order', 'book_table', 'type', 'city'] now the column size is increased from 12 to 1187
2021-06-20 23:50:03		INFO: Successfully converted csv file from path Master_Prediction_File/Zomato_prediction.csv to Pandas DataFrame
2021-06-20 23:50:04		INFO: Successfully removed the columns ['serial', 'url', 'address', 'phone', 'reviews_list', 'dish_liked'] from Pandas DataFrame
2021-06-20 23:50:04		INFO: Successfully renames the columns from dict_keys(['listed_in_type', 'listed_in_city', 'approx_cost_for_two_people']) to dict_values(['type', 'city', 'cost']) in Pandas DataFrame
2021-06-20 23:50:04		Warning: There is 104 nan values present in this dataset that are sucessfully removed
2021-06-20 23:50:04		INFO: Sucessfuly cleaned and change the datatype of feature rate
2021-06-20 23:50:04		INFO: Sucessfuly cleaned and change the datatype of feature cost
2021-06-20 23:50:04		INFO: Sucessfully created the dummy variables of columns ['location', 'name', 'rest_type', 'cuisines', 'menu_item', 'online_order', 'book_table', 'type', 'city'] now the column size is increased from 12 to 1187
2021-06-20 23:50:50		INFO: Successfully converted csv file from path Master_Prediction_File/Zomato_prediction.csv to Pandas DataFrame
2021-06-20 23:50:50		INFO: Successfully removed the columns ['serial', 'url', 'address', 'phone', 'reviews_list', 'dish_liked'] from Pandas DataFrame
2021-06-20 23:50:50		INFO: Successfully renames the columns from dict_keys(['listed_in_type', 'listed_in_city', 'approx_cost_for_two_people']) to dict_values(['type', 'city', 'cost']) in Pandas DataFrame
2021-06-20 23:50:50		Warning: There is 104 nan values present in this dataset that are sucessfully removed
2021-06-20 23:50:50		INFO: Sucessfuly cleaned and change the datatype of feature rate
2021-06-20 23:50:51		INFO: Sucessfuly cleaned and change the datatype of feature cost
2021-06-20 23:50:51		INFO: Sucessfully created the dummy variables of columns ['location', 'name', 'rest_type', 'cuisines', 'menu_item', 'online_order', 'book_table', 'type', 'city'] now the column size is increased from 12 to 1187
2021-06-20 23:53:39		INFO: Successfully converted csv file from path Master_Prediction_File/Zomato_prediction.csv to Pandas DataFrame
2021-06-20 23:53:39		INFO: Successfully removed the columns ['serial', 'url', 'address', 'phone', 'reviews_list', 'dish_liked'] from Pandas DataFrame
2021-06-20 23:53:39		INFO: Successfully renames the columns from dict_keys(['listed_in_type', 'listed_in_city', 'approx_cost_for_two_people']) to dict_values(['type', 'city', 'cost']) in Pandas DataFrame
2021-06-20 23:53:39		Warning: There is 104 nan values present in this dataset that are sucessfully removed
2021-06-20 23:53:39		INFO: Sucessfuly cleaned and change the datatype of feature rate
2021-06-20 23:53:39		INFO: Sucessfuly cleaned and change the datatype of feature cost
2021-06-20 23:53:39		INFO: Sucessfully created the dummy variables of columns ['location', 'name', 'rest_type', 'cuisines', 'menu_item', 'online_order', 'book_table', 'type', 'city'] now the column size is increased from 12 to 1187
2021-06-20 23:54:58		INFO: Successfully converted csv file from path Master_Prediction_File/Zomato_prediction.csv to Pandas DataFrame
2021-06-20 23:54:58		INFO: Successfully removed the columns ['serial', 'url', 'address', 'phone', 'reviews_list', 'dish_liked'] from Pandas DataFrame
2021-06-20 23:54:58		INFO: Successfully renames the columns from dict_keys(['listed_in_type', 'listed_in_city', 'approx_cost_for_two_people']) to dict_values(['type', 'city', 'cost']) in Pandas DataFrame
2021-06-20 23:54:58		Warning: There is 104 nan values present in this dataset that are sucessfully removed
2021-06-20 23:54:58		INFO: Sucessfuly cleaned and change the datatype of feature rate
2021-06-20 23:54:59		INFO: Sucessfuly cleaned and change the datatype of feature cost
2021-06-20 23:54:59		INFO: Sucessfully created the dummy variables of columns ['location', 'name', 'rest_type', 'cuisines', 'menu_item', 'online_order', 'book_table', 'type', 'city'] now the column size is increased from 12 to 1187
2021-06-20 23:56:19		INFO: Successfully converted csv file from path Master_Prediction_File/Zomato_prediction.csv to Pandas DataFrame
2021-06-20 23:56:19		INFO: Successfully removed the columns ['serial', 'url', 'address', 'phone', 'reviews_list', 'dish_liked'] from Pandas DataFrame
2021-06-20 23:56:19		INFO: Successfully renames the columns from dict_keys(['listed_in_type', 'listed_in_city', 'approx_cost_for_two_people']) to dict_values(['type', 'city', 'cost']) in Pandas DataFrame
2021-06-20 23:56:19		Warning: There is 104 nan values present in this dataset that are sucessfully removed
2021-06-20 23:56:19		INFO: Sucessfuly cleaned and change the datatype of feature rate
2021-06-20 23:56:19		INFO: Sucessfuly cleaned and change the datatype of feature cost
2021-06-20 23:56:20		INFO: Sucessfully created the dummy variables of columns ['location', 'name', 'rest_type', 'cuisines', 'menu_item', 'online_order', 'book_table', 'type', 'city'] now the column size is increased from 12 to 1187
2021-06-20 23:57:00		INFO: Successfully converted csv file from path Master_Prediction_File/Zomato_prediction.csv to Pandas DataFrame
2021-06-20 23:57:01		INFO: Successfully removed the columns ['serial', 'url', 'address', 'phone', 'reviews_list', 'dish_liked'] from Pandas DataFrame
2021-06-20 23:57:01		INFO: Successfully renames the columns from dict_keys(['listed_in_type', 'listed_in_city', 'approx_cost_for_two_people']) to dict_values(['type', 'city', 'cost']) in Pandas DataFrame
2021-06-20 23:57:01		Warning: There is 104 nan values present in this dataset that are sucessfully removed
2021-06-20 23:57:01		INFO: Sucessfuly cleaned and change the datatype of feature rate
2021-06-20 23:57:01		INFO: Sucessfuly cleaned and change the datatype of feature cost
2021-06-20 23:57:01		INFO: Sucessfully created the dummy variables of columns ['location', 'name', 'rest_type', 'cuisines', 'menu_item', 'online_order', 'book_table', 'type', 'city'] now the column size is increased from 12 to 1187
2021-06-20 23:59:00		INFO: Successfully converted csv file from path Master_Prediction_File/Zomato_prediction.csv to Pandas DataFrame
2021-06-20 23:59:00		INFO: Successfully removed the columns ['serial', 'url', 'address', 'phone', 'reviews_list', 'dish_liked'] from Pandas DataFrame
2021-06-20 23:59:00		INFO: Successfully renames the columns from dict_keys(['listed_in_type', 'listed_in_city', 'approx_cost_for_two_people']) to dict_values(['type', 'city', 'cost']) in Pandas DataFrame
2021-06-20 23:59:01		Warning: There is 104 nan values present in this dataset that are sucessfully removed
2021-06-20 23:59:01		INFO: Sucessfuly cleaned and change the datatype of feature rate
2021-06-20 23:59:01		INFO: Sucessfuly cleaned and change the datatype of feature cost
2021-06-20 23:59:01		INFO: Sucessfully created the dummy variables of columns ['location', 'name', 'rest_type', 'cuisines', 'menu_item', 'online_order', 'book_table', 'type', 'city'] now the column size is increased from 12 to 1187
2021-06-20 23:59:31		INFO: Successfully converted csv file from path Master_Prediction_File/Zomato_prediction.csv to Pandas DataFrame
2021-06-20 23:59:31		INFO: Successfully removed the columns ['serial', 'url', 'address', 'phone', 'reviews_list', 'dish_liked'] from Pandas DataFrame
2021-06-20 23:59:31		INFO: Successfully renames the columns from dict_keys(['listed_in_type', 'listed_in_city', 'approx_cost_for_two_people']) to dict_values(['type', 'city', 'cost']) in Pandas DataFrame
2021-06-20 23:59:31		Warning: There is 104 nan values present in this dataset that are sucessfully removed
2021-06-20 23:59:31		INFO: Sucessfuly cleaned and change the datatype of feature rate
2021-06-20 23:59:31		INFO: Sucessfuly cleaned and change the datatype of feature cost
2021-06-20 23:59:31		INFO: Sucessfully created the dummy variables of columns ['location', 'name', 'rest_type', 'cuisines', 'menu_item', 'online_order', 'book_table', 'type', 'city'] now the column size is increased from 12 to 1187
2021-06-21 00:01:37		INFO: Successfully converted csv file from path Master_Prediction_File/Zomato_prediction.csv to Pandas DataFrame
2021-06-21 00:01:37		INFO: Successfully removed the columns ['serial', 'url', 'address', 'phone', 'reviews_list', 'dish_liked'] from Pandas DataFrame
2021-06-21 00:01:37		INFO: Successfully renames the columns from dict_keys(['listed_in_type', 'listed_in_city', 'approx_cost_for_two_people']) to dict_values(['type', 'city', 'cost']) in Pandas DataFrame
2021-06-21 00:01:37		Warning: There is 104 nan values present in this dataset that are sucessfully removed
2021-06-21 00:01:37		INFO: Sucessfuly cleaned and change the datatype of feature rate
2021-06-21 00:01:37		INFO: Sucessfuly cleaned and change the datatype of feature cost
2021-06-21 00:01:37		INFO: Sucessfully created the dummy variables of columns ['location', 'name', 'rest_type', 'cuisines', 'menu_item', 'online_order', 'book_table', 'type', 'city'] now the column size is increased from 12 to 1187
2021-06-21 00:02:05		INFO: Successfully converted csv file from path Master_Prediction_File/Zomato_prediction.csv to Pandas DataFrame
2021-06-21 00:02:05		INFO: Successfully removed the columns ['serial', 'url', 'address', 'phone', 'reviews_list', 'dish_liked'] from Pandas DataFrame
2021-06-21 00:02:05		INFO: Successfully renames the columns from dict_keys(['listed_in_type', 'listed_in_city', 'approx_cost_for_two_people']) to dict_values(['type', 'city', 'cost']) in Pandas DataFrame
2021-06-21 00:02:05		Warning: There is 104 nan values present in this dataset that are sucessfully removed
2021-06-21 00:02:05		INFO: Sucessfuly cleaned and change the datatype of feature rate
2021-06-21 00:02:05		INFO: Sucessfuly cleaned and change the datatype of feature cost
2021-06-21 00:02:06		INFO: Sucessfully created the dummy variables of columns ['location', 'name', 'rest_type', 'cuisines', 'menu_item', 'online_order', 'book_table', 'type', 'city'] now the column size is increased from 12 to 1187
2021-06-21 00:02:35		INFO: Successfully converted csv file from path Master_Prediction_File/Zomato_prediction.csv to Pandas DataFrame
2021-06-21 00:02:35		INFO: Successfully removed the columns ['serial', 'url', 'address', 'phone', 'reviews_list', 'dish_liked'] from Pandas DataFrame
2021-06-21 00:02:35		INFO: Successfully renames the columns from dict_keys(['listed_in_type', 'listed_in_city', 'approx_cost_for_two_people']) to dict_values(['type', 'city', 'cost']) in Pandas DataFrame
2021-06-21 00:02:35		Warning: There is 104 nan values present in this dataset that are sucessfully removed
2021-06-21 00:02:35		INFO: Sucessfuly cleaned and change the datatype of feature rate
2021-06-21 00:02:35		INFO: Sucessfuly cleaned and change the datatype of feature cost
2021-06-21 00:02:35		INFO: Sucessfully created the dummy variables of columns ['location', 'name', 'rest_type', 'cuisines', 'menu_item', 'online_order', 'book_table', 'type', 'city'] now the column size is increased from 12 to 1187
2021-06-21 00:02:49		INFO: Successfully converted csv file from path Master_Prediction_File/Zomato_prediction.csv to Pandas DataFrame
2021-06-21 00:02:49		INFO: Successfully removed the columns ['serial', 'url', 'address', 'phone', 'reviews_list', 'dish_liked'] from Pandas DataFrame
2021-06-21 00:02:49		INFO: Successfully renames the columns from dict_keys(['listed_in_type', 'listed_in_city', 'approx_cost_for_two_people']) to dict_values(['type', 'city', 'cost']) in Pandas DataFrame
2021-06-21 00:02:49		Warning: There is 104 nan values present in this dataset that are sucessfully removed
2021-06-21 00:02:49		INFO: Sucessfuly cleaned and change the datatype of feature rate
2021-06-21 00:02:49		INFO: Sucessfuly cleaned and change the datatype of feature cost
2021-06-21 00:02:49		INFO: Sucessfully created the dummy variables of columns ['location', 'name', 'rest_type', 'cuisines', 'menu_item', 'online_order', 'book_table', 'type', 'city'] now the column size is increased from 12 to 1187
2021-06-21 00:03:33		INFO: Successfully converted csv file from path Master_Prediction_File/Zomato_prediction.csv to Pandas DataFrame
2021-06-21 00:03:33		INFO: Successfully removed the columns ['serial', 'url', 'address', 'phone', 'reviews_list', 'dish_liked'] from Pandas DataFrame
2021-06-21 00:03:33		INFO: Successfully renames the columns from dict_keys(['listed_in_type', 'listed_in_city', 'approx_cost_for_two_people']) to dict_values(['type', 'city', 'cost']) in Pandas DataFrame
2021-06-21 00:03:33		Warning: There is 104 nan values present in this dataset that are sucessfully removed
2021-06-21 00:03:33		INFO: Sucessfuly cleaned and change the datatype of feature rate
2021-06-21 00:03:33		INFO: Sucessfuly cleaned and change the datatype of feature cost
2021-06-21 00:03:33		INFO: Sucessfully created the dummy variables of columns ['location', 'name', 'rest_type', 'cuisines', 'menu_item', 'online_order', 'book_table', 'type', 'city'] now the column size is increased from 12 to 1187
2021-06-21 00:04:41		INFO: Successfully converted csv file from path Master_Prediction_File/Zomato_prediction.csv to Pandas DataFrame
2021-06-21 00:04:41		INFO: Successfully removed the columns ['serial', 'url', 'address', 'phone', 'reviews_list', 'dish_liked'] from Pandas DataFrame
2021-06-21 00:04:41		INFO: Successfully renames the columns from dict_keys(['listed_in_type', 'listed_in_city', 'approx_cost_for_two_people']) to dict_values(['type', 'city', 'cost']) in Pandas DataFrame
2021-06-21 00:04:41		Warning: There is 104 nan values present in this dataset that are sucessfully removed
2021-06-21 00:04:41		INFO: Sucessfuly cleaned and change the datatype of feature rate
2021-06-21 00:04:41		INFO: Sucessfuly cleaned and change the datatype of feature cost
2021-06-21 00:04:41		INFO: Sucessfully created the dummy variables of columns ['location', 'name', 'rest_type', 'cuisines', 'menu_item', 'online_order', 'book_table', 'type', 'city'] now the column size is increased from 12 to 1187
2021-06-21 00:05:06		INFO: Successfully converted csv file from path Master_Prediction_File/Zomato_prediction.csv to Pandas DataFrame
2021-06-21 00:05:07		INFO: Successfully removed the columns ['serial', 'url', 'address', 'phone', 'reviews_list', 'dish_liked'] from Pandas DataFrame
2021-06-21 00:05:07		INFO: Successfully renames the columns from dict_keys(['listed_in_type', 'listed_in_city', 'approx_cost_for_two_people']) to dict_values(['type', 'city', 'cost']) in Pandas DataFrame
2021-06-21 00:05:07		Warning: There is 104 nan values present in this dataset that are sucessfully removed
2021-06-21 00:05:07		INFO: Sucessfuly cleaned and change the datatype of feature rate
2021-06-21 00:05:07		INFO: Sucessfuly cleaned and change the datatype of feature cost
2021-06-21 00:05:07		INFO: Sucessfully created the dummy variables of columns ['location', 'name', 'rest_type', 'cuisines', 'menu_item', 'online_order', 'book_table', 'type', 'city'] now the column size is increased from 12 to 1187
2021-06-21 00:07:55		INFO: Successfully converted csv file from path Master_Prediction_File/Zomato_prediction.csv to Pandas DataFrame
2021-06-21 00:07:55		INFO: Successfully removed the columns ['serial', 'url', 'address', 'phone', 'reviews_list', 'dish_liked'] from Pandas DataFrame
2021-06-21 00:07:55		INFO: Successfully renames the columns from dict_keys(['listed_in_type', 'listed_in_city', 'approx_cost_for_two_people']) to dict_values(['type', 'city', 'cost']) in Pandas DataFrame
2021-06-21 00:07:55		Warning: There is 104 nan values present in this dataset that are sucessfully removed
2021-06-21 00:07:55		INFO: Sucessfuly cleaned and change the datatype of feature rate
2021-06-21 00:07:55		INFO: Sucessfuly cleaned and change the datatype of feature cost
2021-06-21 00:07:55		INFO: Sucessfully created the dummy variables of columns ['location', 'name', 'rest_type', 'cuisines', 'menu_item', 'online_order', 'book_table', 'type', 'city'] now the column size is increased from 12 to 1187
2021-06-21 00:24:28		INFO: Successfully converted csv file from path Master_Prediction_File/Zomato_prediction.csv to Pandas DataFrame
2021-06-21 00:24:28		INFO: Successfully removed the columns ['serial', 'url', 'address', 'phone', 'reviews_list', 'dish_liked'] from Pandas DataFrame
2021-06-21 00:24:28		INFO: Successfully renames the columns from dict_keys(['listed_in_type', 'listed_in_city', 'approx_cost_for_two_people']) to dict_values(['type', 'city', 'cost']) in Pandas DataFrame
2021-06-21 00:24:28		Warning: There is 104 nan values present in this dataset that are sucessfully removed
2021-06-21 00:24:28		INFO: Sucessfuly cleaned and change the datatype of feature rate
2021-06-21 00:24:28		INFO: Sucessfuly cleaned and change the datatype of feature cost
2021-06-21 00:24:28		INFO: Sucessfully created the dummy variables of columns ['location', 'name', 'rest_type', 'cuisines', 'menu_item', 'online_order', 'book_table', 'type', 'city'] now the column size is increased from 12 to 1187
2021-06-21 00:24:58		INFO: Successfully converted csv file from path Master_Prediction_File/Zomato_prediction.csv to Pandas DataFrame
2021-06-21 00:24:58		INFO: Successfully removed the columns ['serial', 'url', 'address', 'phone', 'reviews_list', 'dish_liked'] from Pandas DataFrame
2021-06-21 00:24:58		INFO: Successfully renames the columns from dict_keys(['listed_in_type', 'listed_in_city', 'approx_cost_for_two_people']) to dict_values(['type', 'city', 'cost']) in Pandas DataFrame
2021-06-21 00:24:58		Warning: There is 104 nan values present in this dataset that are sucessfully removed
2021-06-21 00:24:58		INFO: Sucessfuly cleaned and change the datatype of feature rate
2021-06-21 00:24:58		INFO: Sucessfuly cleaned and change the datatype of feature cost
2021-06-21 00:24:58		INFO: Sucessfully created the dummy variables of columns ['location', 'name', 'rest_type', 'cuisines', 'menu_item', 'online_order', 'book_table', 'type', 'city'] now the column size is increased from 12 to 1187
